1425301584165507012, 1425301584165511816
1425301584665531803, 1425301584665536731
1425301585165556595, 1425301585165561646
1425301585665581387, 1425301585665585547
1425301586165606220, 1425301586165610442
1425301586665631012, 1425301586665635337
1425301587165655804, 1425301587165660232
1425301587665680595, 1425301587665685127
1425301588165705387, 1425301588165710022
1425301588665730179, 1425301588665734917
1425301589165754970, 1425301589165759832
1425301589665779762, 1425301589665786416
1425301590165804554, 1425301590165811331
1425301590665829346, 1425301590665836246
1425301591165854137, 1425301591165857376
1425301591665878929, 1425301591665882271
1425301592165903721, 1425301592165907166
1425301592665928513, 1425301592665932061
1425301593165953304, 1425301593165956956
1425301593665978096, 1425301593665984499
1425301594166002888, 1425301594166009414
1425301594666027679, 1425301594666034329
1425301595166052471, 1425301595166059244
1425301595666077305, 1425301595666084159
1425301596166102096, 1425301596166105289
1425301596666126888, 1425301596666130184
1425301597166151680, 1425301597166155079
1425301597666176471, 1425301597666180890
1425301598166201263, 1425301598166205785
1425301598666226055, 1425301598666230680
1425301599166250847, 1425301599166255575
1425301599666275638, 1425301599666280490
1425301600166300430, 1425301600166305405
1425301600666325222, 1425301600666330320
1425301601166350014, 1425301601166355235
1425301601666374805, 1425301601666379255
1425301602166399597, 1425301602166404150
1425301602666424389, 1425301602666429045
1425301603166449180, 1425301603166453940
1425301603666473972, 1425301603666478855
1425301604166498764, 1425301604166503770
1425301604666523556, 1425301604666528685
1425301605166548347, 1425301605166553600
1425301605666573181, 1425301605666579412
1425301606166597973, 1425301606166604327
1425301606666622764, 1425301606666629242
1425301607166647556, 1425301607166654157
1425301607666672348, 1425301607666679072
1425301608166697139, 1425301608166703987
1425301608666721931, 1425301608666728902
1425301609166746723, 1425301609166750032
1425301609666771515, 1425301609666776043
1425301610166796306, 1425301610166800938
1425301610666821098, 1425301610666825833
1425301611166845890, 1425301611166850748
1425301611666870681, 1425301611666875663
1425301612166895473, 1425301612166900578
1425301612666920265, 1425301612666925493
1425301613166945057, 1425301613166950408
1425301613666969848, 1425301613666976622
1425301614166994640, 1425301614167001537
1425301614667019432, 1425301614667022667
1425301615167044224, 1425301615167047562
1425301615667069015, 1425301615667072457
1425301616167093807, 1425301616167097352
1425301616667118599, 1425301616667122247
1425301617167143390, 1425301617167147142
1425301617667168182, 1425301617667173664
1425301618167192932, 1425301618167198579
1425301618667217724, 1425301618667223494
1425301619167242516, 1425301619167248409
1425301619667267307, 1425301619667273324
1425301620167292099, 1425301620167298239
1425301620667316891, 1425301620667323154
1425301621167341683, 1425301621167348069
1425301621667366474, 1425301621667373319
1425301622167391266, 1425301622167398234
1425301622667416058, 1425301622667419364
1425301623167440850, 1425301623167444259
1425301623667465641, 1425301623667469154
1425301624167490433, 1425301624167494049
1425301624667515225, 1425301624667518944
1425301625167540016, 1425301625167543839
1425301625667564808, 1425301625667569456
1425301626167589600, 1425301626167594351
1425301626667614392, 1425301626667619266
1425301627167639183, 1425301627167644181
1425301627667663975, 1425301627667669096
1425301628167688767, 1425301628167694011
1425301628667713559, 1425301628667718926
1425301629167738350, 1425301629167743841
1425301629667763142, 1425301629667767902
1425301630167787934, 1425301630167792817
1425301630667812725, 1425301630667817732
1425301631167837517, 1425301631167842647
1425301631667862309, 1425301631667867562
1425301632167887101, 1425301632167892477
1425301632667911892, 1425301632667917392
1425301633167936684, 1425301633167942307
1425301633667961476, 1425301633667965557
1425301634167986268, 1425301634167990452
1425301634668011059, 1425301634668015347
1425301635168035851, 1425301635168040242
1425301635668060643, 1425301635668065137
1425301636168085393, 1425301636168090032
1425301636668110184, 1425301636668114927
1425301637168134976, 1425301637168139842
1425301637668159768, 1425301637668164266
1425301638168184560, 1425301638168189161
1425301638668209351, 1425301638668214056
1425301639168234143, 1425301639168238971
1425301639668258935, 1425301639668263886
1425301640168283727, 1425301640168288801
1425301640668308518, 1425301640668313716
1425301641168333310, 1425301641168338631
1425301641668358102, 1425301641668363175
1425301642168382893, 1425301642168388090
1425301642668407685, 1425301642668413005
1425301643168432477, 1425301643168437920
1425301643668457269, 1425301643668462835
1425301644168482060, 1425301644168487750
1425301644668506852, 1425301644668512665
1425301645168531644, 1425301645168537580
1425301645668556436, 1425301645668561241
1425301646168581227, 1425301646168586156
1425301646668606019, 1425301646668611071
1425301647168630811, 1425301647168635986
1425301647668655602, 1425301647668660901
1425301648168680394, 1425301648168685816
1425301648668705186, 1425301648668710731
1425301649168729978, 1425301649168735646
1425301649668754811, 1425301649668758278
1425301650168779603, 1425301650168783173
1425301650668804394, 1425301650668808068
1425301651168829186, 1425301651168832963
1425301651668853978, 1425301651668857858
1425301652168878770, 1425301652168882753
1425301652668903561, 1425301652668907648
1425301653168928353, 1425301653168932543
1425301653668953145, 1425301653668957388
1425301654168977937, 1425301654168982283
1425301654669002728, 1425301654669007178
1425301655169027520, 1425301655169032073
1425301655669052312, 1425301655669056968
1425301656169077103, 1425301656169081863
1425301656669101895, 1425301656669106778
1425301657169126687, 1425301657169131693
1425301657669151479, 1425301657669154894
1425301658169176270, 1425301658169179789
1425301658669201062, 1425301658669204684
1425301659169225854, 1425301659169229579
1425301659669250646, 1425301659669254474
1425301660169275437, 1425301660169279369
1425301660669300229, 1425301660669304264
1425301661169325021, 1425301661169329159
1425301661669349812, 1425301661669354999
1425301662169374604, 1425301662169379914
1425301662669399396, 1425301662669404829
1425301663169424188, 1425301663169429744
1425301663669448979, 1425301663669454659
1425301664169473813, 1425301664169479574
1425301664669498604, 1425301664669504489
1425301665169523396, 1425301665169529404
1425301665669548188, 1425301665669552878
1425301666169572980, 1425301666169577793
1425301666669597771, 1425301666669602708
1425301667169622563, 1425301667169627623
1425301667669647397, 1425301667669652538
1425301668169672188, 1425301668169677453
1425301668669696980, 1425301668669702368
1425301669169721772, 1425301669169727283
1425301669669746563, 1425301669669752145
1425301670169771355, 1425301670169777060
1425301670669796189, 1425301670669801975
1425301671169820980, 1425301671169826890
1425301671669845772, 1425301671669851805
1425301672169870564, 1425301672169876720
1425301672669895355, 1425301672669901635
1425301673169920147, 1425301673169926550
1425301673669944939, 1425301673669948989
1425301674169969772, 1425301674169973884
1425301674669994564, 1425301674669998779
1425301675170019356, 1425301675170023674
1425301675670044147, 1425301675670048569
1425301676170068939, 1425301676170073464
1425301676670093731, 1425301676670098359
1425301677170118564, 1425301677170123254
1425301677670143356, 1425301677670149026
1425301678170168148, 1425301678170173941
1425301678670192939, 1425301678670198856
1425301679170217731, 1425301679170223771
1425301679670242523, 1425301679670248686
1425301680170267315, 1425301680170273601
1425301680670292106, 1425301680670298516
1425301681170316898, 1425301681170323431
1425301681670341690, 1425301681670346835
1425301682170366523, 1425301682170371750
1425301682670391315, 1425301682670396665
1425301683170416107, 1425301683170421580
1425301683670440898, 1425301683670446495
1425301684170465690, 1425301684170471410
1425301684670490482, 1425301684670496325
1425301685170515274, 1425301685170521240
1425301685670540107, 1425301685670545170
1425301686170564899, 1425301686170570085
1425301686670589690, 1425301686670595000
1425301687170614482, 1425301687170619915
1425301687670639274, 1425301687670644830
1425301688170664066, 1425301688170669745
1425301688670688899, 1425301688670694660
1425301689170713691, 1425301689170719575
1425301689670738482, 1425301689670743112
1425301690170763274, 1425301690170768007
1425301690670788066, 1425301690670792922
1425301691170812899, 1425301691170817837
1425301691670837691, 1425301691670842752
1425301692170862483, 1425301692170867667
1425301692670887274, 1425301692670892582
1425301693170912066, 1425301693170917497
1425301693670936858, 1425301693670942090
1425301694170961691, 1425301694170967005
1425301694670986483, 1425301694670991920
1425301695171011275, 1425301695171016835
1425301695671036067, 1425301695671041750
1425301696171060900, 1425301696171066665
1425301696671085692, 1425301696671091580
1425301697171110483, 1425301697171116495
1425301697671135275, 1425301697671141460
1425301698171160108, 1425301698171166375
1425301698671184900, 1425301698671191290
1425301699171209692, 1425301699171216205
1425301699671234484, 1425301699671241120
1425301700171259275, 1425301700171266035
1425301700671284109, 1425301700671290950
1425301701171308900, 1425301701171315865
1425301701671333692, 1425301701671340421
1425301702171358484, 1425301702171365336
1425301702671383276, 1425301702671390251
1425301703171408067, 1425301703171411381
1425301703671432901, 1425301703671436276
1425301704171457693, 1425301704171461171
1425301704671482484, 1425301704671486066
1425301705171507276, 1425301705171510961
1425301705671532068, 1425301705671538243
1425301706171556859, 1425301706171563158
1425301706671581651, 1425301706671588073
1425301707171606485, 1425301707171612988
1425301707671631276, 1425301707671637903
1425301708171656068, 1425301708171662818
1425301708671680860, 1425301708671687733
1425301709171705651, 1425301709171708863
1425301709671730443, 1425301709671735683
1425301710171755277, 1425301710171760598
1425301710671780068, 1425301710671785513
1425301711171804860, 1425301711171810428
1425301711671829652, 1425301711671835343
1425301712171854485, 1425301712171860258
1425301712671879277, 1425301712671885173
1425301713171904069, 1425301713171910088
1425301713671928860, 1425301713671933482
1425301714171953694, 1425301714171958377
1425301714671978485, 1425301714671983292
1425301715172003277, 1425301715172008207
1425301715672028069, 1425301715672033122
1425301716172052861, 1425301716172058037
1425301716672077694, 1425301716672082952
1425301717172102486, 1425301717172107867
1425301717672127277, 1425301717672132657
1425301718172152069, 1425301718172157572
1425301718672176903, 1425301718672182487
1425301719172201694, 1425301719172207402
1425301719672226486, 1425301719672232317
1425301720172251319, 1425301720172257232
1425301720672276111, 1425301720672282147
1425301721172300903, 1425301721172307062
1425301721672325736, 1425301721672329768
1425301722172350528, 1425301722172354663
1425301722672375320, 1425301722672379558
1425301723172400111, 1425301723172404453
1425301723672424903, 1425301723672429348
1425301724172449737, 1425301724172454243
1425301724672474528, 1425301724672479138
1425301725172499320, 1425301725172504033
1425301725672524112, 1425301725672528178
1425301726172548903, 1425301726172553073
1425301726672573695, 1425301726672577968
1425301727172598529, 1425301727172602863
1425301727672623320, 1425301727672627758
1425301728172648112, 1425301728172652653
1425301728672672904, 1425301728672677548
1425301729172697696, 1425301729172702443
1425301729672722487, 1425301729672726802
1425301730172747321, 1425301730172751697
1425301730672772112, 1425301730672776592
1425301731172796904, 1425301731172801487
1425301731672821696, 1425301731672826382
1425301732172846488, 1425301732172851297
1425301732672871321, 1425301732672876212
1425301733172896113, 1425301733172901127
1425301733672920904, 1425301733672924333
1425301734172945738, 1425301734172949228
1425301734672970529, 1425301734672974123
1425301735172995321, 1425301735172999018
1425301735673020113, 1425301735673023913
1425301736173044946, 1425301736173048808
1425301736673069738, 1425301736673073703
1425301737173094530, 1425301737173098598
1425301737673119322, 1425301737673124450
1425301738173144155, 1425301738173149365
1425301738673168947, 1425301738673174280
1425301739173193738, 1425301739173199195
1425301739673218530, 1425301739673224110
1425301740173243363, 1425301740173249025
1425301740673268155, 1425301740673273940
1425301741173292947, 1425301741173298855
1425301741673317739, 1425301741673324662
1425301742173342572, 1425301742173345792
1425301742673367364, 1425301742673370687
1425301743173392156, 1425301743173395582
1425301743673416947, 1425301743673420477
1425301744173441781, 1425301744173445372
1425301744673466572, 1425301744673470267
1425301745173491364, 1425301745173495162
1425301745673516197, 1425301745673522632
1425301746173540989, 1425301746173547547
1425301746673565781, 1425301746673572462
1425301747173590573, 1425301747173597377
1425301747673615406, 1425301747673622292
1425301748173640198, 1425301748173643422
1425301748673664989, 1425301748673668317
1425301749173689781, 1425301749173693212
1425301749673714573, 1425301749673718648
1425301750173739406, 1425301750173743543
1425301750673764198, 1425301750673768438
1425301751173788990, 1425301751173793333
1425301751673813782, 1425301751673818228
1425301752173838615, 1425301752173843123
1425301752673863407, 1425301752673868018
1425301753173888198, 1425301753173892913
1425301753673912990, 1425301753673918158
1425301754173937823, 1425301754173943073
1425301754673962615, 1425301754673967988
1425301755173987407, 1425301755173992903
1425301755674012240, 1425301755674017818
1425301756174037032, 1425301756174042733
1425301756674061824, 1425301756674067648
1425301757174086616, 1425301757174092563
1425301757674111449, 1425301757674117107
1425301758174136241, 1425301758174142022
1425301758674161032, 1425301758674166937
1425301759174185866, 1425301759174191852
1425301759674210657, 1425301759674216767
1425301760174235449, 1425301760174241682
1425301760674260283, 1425301760674266597
1425301761174285074, 1425301761174291512
1425301761674309866, 1425301761674316234
1425301762174334699, 1425301762174341149
1425301762674359491, 1425301762674366064
1425301763174384325, 1425301763174390979
1425301763674409116, 1425301763674415894
1425301764174433908, 1425301764174440809
1425301764674458741, 1425301764674465724
1425301765174483533, 1425301765174486854
1425301765674508367, 1425301765674512370
1425301766174533158, 1425301766174537265
1425301766674557992, 1425301766674562160
1425301767174582783, 1425301767174587055
1425301767674607617, 1425301767674611950
1425301768174632408, 1425301768174636845
1425301768674657242, 1425301768674661740
1425301769174682034, 1425301769174686635
1425301769674706867, 1425301769674712749
1425301770174731659, 1425301770174737664
1425301770674756450, 1425301770674762579
1425301771174781284, 1425301771174787494
1425301771674806076, 1425301771674812409
1425301772174830867, 1425301772174837324
1425301772674855701, 1425301772674862239
1425301773174880492, 1425301773174887154
1425301773674905326, 1425301773674910749
1425301774174930118, 1425301774174935664
1425301774674954909, 1425301774674960579
1425301775174979743, 1425301775174985494
1425301775675004534, 1425301775675010409
1425301776175029368, 1425301776175035324
1425301776675054159, 1425301776675060239
1425301777175078951, 1425301777175085154
1425301777675103785, 1425301777675107556
1425301778175128576, 1425301778175132451
1425301778675153410, 1425301778675157346
1425301779175178201, 1425301779175182241
1425301779675203035, 1425301779675207136
1425301780175227827, 1425301780175232031
1425301780675252660, 1425301780675256926
1425301781175277452, 1425301781175281821
1425301781675302243, 1425301781675307330
1425301782175327077, 1425301782175332245
1425301782675351869, 1425301782675357160
1425301783175376702, 1425301783175382075
1425301783675401494, 1425301783675406990
1425301784175426327, 1425301784175431905
1425301784675451119, 1425301784675456820
1425301785175475952, 1425301785175481735
1425301785675500744, 1425301785675505756
1425301786175525577, 1425301786175530671
1425301786675550369, 1425301786675555586
1425301787175575202, 1425301787175580501
1425301787675599994, 1425301787675605416
1425301788175624828, 1425301788175630331
1425301788675649619, 1425301788675655246
1425301789175674411, 1425301789175680161
1425301789675699244, 1425301789675704866
1425301790175724036, 1425301790175729781
1425301790675748869, 1425301790675754696
1425301791175773661, 1425301791175779611
1425301791675798453, 1425301791675804526
1425301792175823286, 1425301792175829441
1425301792675848078, 1425301792675854356
1425301793175872870, 1425301793175879271
1425301793675897662, 1425301793675903078
1425301794175922495, 1425301794175927993
1425301794675947287, 1425301794675952908
1425301795175972078, 1425301795175977823
1425301795675996870, 1425301795676002738
1425301796176021703, 1425301796176027653
1425301796676046495, 1425301796676052568
1425301797176071287, 1425301797176077483
1425301797676096120, 1425301797676100074
1425301798176120912, 1425301798176124969
1425301798676145704, 1425301798676149864
1425301799176170537, 1425301799176174759
1425301799676195329, 1425301799676199654
1425301800176220121, 1425301800176224549
1425301800676244954, 1425301800676249444
1425301801176269746, 1425301801176274339
1425301801676294579, 1425301801676300969
1425301802176319371, 1425301802176325884
1425301802676344163, 1425301802676350799
1425301803176368954, 1425301803176375714
1425301803676393788, 1425301803676400629
1425301804176418579, 1425301804176425544
1425301804676443413, 1425301804676446674
1425301805176468205, 1425301805176471569
1425301805676492996, 1425301805676498513
1425301806176517830, 1425301806176523428
1425301806676542621, 1425301806676548343
1425301807176567413, 1425301807176573258
1425301807676592247, 1425301807676598173
1425301808176617038, 1425301808176623088
1425301808676641830, 1425301808676648003
1425301809176666663, 1425301809176672918
1425301809676691455, 1425301809676697462
1425301810176716247, 1425301810176722377
1425301810676741080, 1425301810676747292
1425301811176765872, 1425301811176772207
1425301811676790664, 1425301811676797122
1425301812176815455, 1425301812176822037
1425301812676840289, 1425301812676846952
1425301813176865081, 1425301813176871867
1425301813676889872, 1425301813676895029
1425301814176914706, 1425301814176919944
1425301814676939497, 1425301814676944859
1425301815176964289, 1425301815176969774
1425301815676989122, 1425301815676994689
1425301816177013914, 1425301816177019604
1425301816677038706, 1425301816677044519
1425301817177063498, 1425301817177069434
1425301817677088331, 1425301817677092029
1425301818177113123, 1425301818177116924
1425301818677137915, 1425301818677141819
1425301819177162706, 1425301819177166714
1425301819677187498, 1425301819677191609
1425301820177212331, 1425301820177216504
1425301820677237123, 1425301820677241399
1425301821177261915, 1425301821177266294
1425301821677286707, 1425301821677292695
1425301822177311498, 1425301822177317610
1425301822677336290, 1425301822677342525
1425301823177361123, 1425301823177367440
1425301823677385915, 1425301823677392355
1425301824177410707, 1425301824177417270
1425301824677435499, 1425301824677442185
1425301825177460290, 1425301825177467100
1425301825677485124, 1425301825677488879
1425301826177509915, 1425301826177513774
1425301826677534707, 1425301826677538669
1425301827177559499, 1425301827177563564
1425301827677584291, 1425301827677588459
1425301828177609124, 1425301828177613354
1425301828677633916, 1425301828677638249
1425301829177658707, 1425301829177663144
1425301829677683499, 1425301829677687854
1425301830177708333, 1425301830177712749
1425301830677733124, 1425301830677737644
1425301831177757916, 1425301831177762539
1425301831677782749, 1425301831677787434
1425301832177807541, 1425301832177812349
1425301832677832333, 1425301832677837264
1425301833177857166, 1425301833177862179
1425301833677881958, 1425301833677887445
1425301834177906750, 1425301834177912360
1425301834677931541, 1425301834677937275
1425301835177956375, 1425301835177962190
1425301835677981167, 1425301835677987105
1425301836178005958, 1425301836178012020
1425301836678030792, 1425301836678036935
1425301837178055583, 1425301837178061850
1425301837678080417, 1425301837678084028
1425301838178105208, 1425301838178108923
1425301838678130000, 1425301838678133818
1425301839178154792, 1425301839178158713
1425301839678179625, 1425301839678183608
1425301840178204417, 1425301840178208503
1425301840678229209, 1425301840678233398
1425301841178254042, 1425301841178258293
1425301841678278834, 1425301841678282896
1425301842178303626, 1425301842178307791
1425301842678328459, 1425301842678332686
1425301843178353251, 1425301843178357581
1425301843678378042, 1425301843678382476
1425301844178402834, 1425301844178407371
1425301844678427668, 1425301844678432266
1425301845178452459, 1425301845178457161
1425301845678477251, 1425301845678483683
1425301846178502043, 1425301846178508598
1425301846678526835, 1425301846678533513
1425301847178551668, 1425301847178558428
1425301847678576460, 1425301847678583343
1425301848178601251, 1425301848178604473
1425301848678626043, 1425301848678629368
1425301849178650876, 1425301849178654263
1425301849678675668, 1425301849678680228
1425301850178700460, 1425301850178705123
1425301850678725252, 1425301850678730018
1425301851178750085, 1425301851178754933
1425301851678774877, 1425301851678779848
1425301852178799668, 1425301852178804763
1425301852678824460, 1425301852678829678
1425301853178849294, 1425301853178854593
1425301853678874085, 1425301853678879325
1425301854178898877, 1425301854178904240
1425301854678923710, 1425301854678929155
1425301855178948502, 1425301855178954070
1425301855678973294, 1425301855678978985
1425301856178998086, 1425301856179003900
1425301856679022919, 1425301856679028815
1425301857179047711, 1425301857179053730
1425301857679072502, 1425301857679076859
1425301858179097336, 1425301858179101754
1425301858679122128, 1425301858679126649
1425301859179146919, 1425301859179151544
1425301859679171753, 1425301859679176439
1425301860179196544, 1425301860179201354
1425301860679221336, 1425301860679226269
1425301861179246170, 1425301861179251184
1425301861679270961, 1425301861679276160
1425301862179295795, 1425301862179301075
1425301862679320586, 1425301862679325990
1425301863179345378, 1425301863179350905
1425301863679370212, 1425301863679375820
1425301864179395003, 1425301864179400735
1425301864679419795, 1425301864679425650
1425301865179444628, 1425301865179450565
1425301865679469420, 1425301865679475642
1425301866179494212, 1425301866179500557
1425301866679519045, 1425301866679525472
1425301867179543837, 1425301867179550387
1425301867679568629, 1425301867679575302
1425301868179593420, 1425301868179600217
1425301868679618254, 1425301868679625132
1425301869179643046, 1425301869179646262
1425301869679667879, 1425301869679673929
1425301870179692671, 1425301870179698844
1425301870679717462, 1425301870679723759
1425301871179742296, 1425301871179748674
1425301871679767087, 1425301871679773589
1425301872179791879, 1425301872179798504
1425301872679816713, 1425301872679823419
1425301873179841504, 1425301873179848334
1425301873679866338, 1425301873679870298
1425301874179891129, 1425301874179895193
1425301874679915921, 1425301874679920088
1425301875179940755, 1425301875179944983
1425301875679965546, 1425301875679969878
1425301876179990338, 1425301876179994773
1425301876680015171, 1425301876680019668
1425301877180039963, 1425301877180044563
1425301877680064755, 1425301877680069712
1425301878180089588, 1425301878180094627
1425301878680114380, 1425301878680119542
1425301879180139172, 1425301879180144457
1425301879680164005, 1425301879680169372
1425301880180188797, 1425301880180194287
1425301880680213589, 1425301880680219202
1425301881180238422, 1425301881180244117
1425301881680263214, 1425301881680267567
1425301882180288005, 1425301882180292462
1425301882680312839, 1425301882680317357
1425301883180337631, 1425301883180342252
1425301883680362464, 1425301883680367147
1425301884180387256, 1425301884180392062
1425301884680412089, 1425301884680416977
1425301885180436881, 1425301885180441892
1425301885680461672, 1425301885680466499
1425301886180486506, 1425301886180491414
1425301886680511298, 1425301886680516329
1425301887180536089, 1425301887180541244
1425301887680560881, 1425301887680566159
1425301888180585714, 1425301888180591074
1425301888680610506, 1425301888680615989
1425301889180635298, 1425301889180640904
1425301889680660090, 1425301889680666893
1425301890180684881, 1425301890180691808
1425301890680709715, 1425301890680712938
1425301891180734506, 1425301891180737833
1425301891680759298, 1425301891680762728
1425301892180784090, 1425301892180787623
1425301892680808923, 1425301892680812518
1425301893180833715, 1425301893180837413
1425301893680858507, 1425301893680865187
1425301894180883299, 1425301894180890102
1425301894680908132, 1425301894680915017
1425301895180932924, 1425301895180936147
1425301895680957715, 1425301895680961042
1425301896180982507, 1425301896180985937
1425301896681007340, 1425301896681010832
1425301897181032132, 1425301897181035727
1425301897681056924, 1425301897681060337
1425301898181081757, 1425301898181085232
1425301898681106549, 1425301898681110127
1425301899181131341, 1425301899181135022
1425301899681156174, 1425301899681159917
1425301900181180966, 1425301900181184812
1425301900681205799, 1425301900681209707
1425301901181230591, 1425301901181234602
1425301901681255383, 1425301901681258889
1425301902181280216, 1425301902181283784
1425301902681305008, 1425301902681308679
1425301903181329800, 1425301903181333574
1425301903681354633, 1425301903681358469
1425301904181379425, 1425301904181383364
1425301904681404258, 1425301904681408259
1425301905181429050, 1425301905181433154
1425301905681453883, 1425301905681458655
1425301906181478675, 1425301906181483570
1425301906681503508, 1425301906681508485
1425301907181528300, 1425301907181533400
1425301907681553092, 1425301907681558315
1425301908181577925, 1425301908181583230
1425301908681602717, 1425301908681608145
1425301909181627509, 1425301909181633060
1425301909681652342, 1425301909681657199
1425301910181677134, 1425301910181682114
1425301910681701925, 1425301910681707029
1425301911181726759, 1425301911181731944
1425301911681751551, 1425301911681756859
1425301912181776342, 1425301912181781774
1425301912681801134, 1425301912681806689
1425301913181825967, 1425301913181831604
1425301913681850759, 1425301913681856289
1425301914181875551, 1425301914181881204
1425301914681900343, 1425301914681906119
1425301915181925134, 1425301915181931034
1425301915681949968, 1425301915681955949
1425301916181974759, 1425301916181980864
1425301916681999551, 1425301916682005779
1425301917182024385, 1425301917182030694
1425301917682049176, 1425301917682052720
1425301918182073968, 1425301918182077615
1425301918682098760, 1425301918682102510
1425301919182123593, 1425301919182127405
1425301919682148385, 1425301919682152300
1425301920182173177, 1425301920182177195
1425301920682198010, 1425301920682202090
1425301921182222802, 1425301921182226985
1425301921682247593, 1425301921682254065
1425301922182272427, 1425301922182278980
1425301922682297219, 1425301922682303895
1425301923182322010, 1425301923182328810
1425301923682346844, 1425301923682353725
1425301924182371635, 1425301924182374855
1425301924682396427, 1425301924682399750
1425301925182421261, 1425301925182424645
1425301925682446052, 1425301925682451564
1425301926182470886, 1425301926182476479
1425301926682495677, 1425301926682501394
1425301927182520469, 1425301927182526309
1425301927682545302, 1425301927682551224
1425301928182570094, 1425301928182576139
1425301928682594928, 1425301928682601054
1425301929182619719, 1425301929182625969
1425301929682644511, 1425301929682651429
1425301930182669344, 1425301930182672559
1425301930682694136, 1425301930682697454
1425301931182718970, 1425301931182722349
1425301931682743761, 1425301931682747244
1425301932182768595, 1425301932182772139
1425301932682793386, 1425301932682797034
1425301933182818178, 1425301933182821929
1425301933682843012, 1425301933682846525
1425301934182867803, 1425301934182871420
1425301934682892637, 1425301934682896315
1425301935182917428, 1425301935182921210
1425301935682942220, 1425301935682946105
1425301936182967012, 1425301936182971000
1425301936682991845, 1425301936682995895
1425301937183016637, 1425301937183020790
1425301937683041429, 1425301937683046527
1425301938183066262, 1425301938183071442
1425301938683091054, 1425301938683096357
1425301939183115846, 1425301939183121272
1425301939683140637, 1425301939683146187
1425301940183165471, 1425301940183171102
1425301940683190262, 1425301940683196017
1425301941183215054, 1425301941183220932
1425301941683239888, 1425301941683244412
1425301942183264679, 1425301942183269307
1425301942683289471, 1425301942683294202
1425301943183314304, 1425301943183319117
1425301943683339096, 1425301943683344032
1425301944183363888, 1425301944183368947
1425301944683388721, 1425301944683393862
1425301945183413513, 1425301945183418777
1425301945683438305, 1425301945683442778
1425301946183463138, 1425301946183467673
1425301946683487930, 1425301946683492568
1425301947183512763, 1425301947183517463
1425301947683537555, 1425301947683542378
1425301948183562347, 1425301948183567293
1425301948683587180, 1425301948683592208
1425301949183611972, 1425301949183617123
1425301949683636763, 1425301949683643320
1425301950183661597, 1425301950183668235
1425301950683686389, 1425301950683693150
1425301951183711180, 1425301951183718065
1425301951683736014, 1425301951683742980
1425301952183760805, 1425301952183764110
1425301952683785639, 1425301952683789005
1425301953183810431, 1425301953183813900
1425301953683835222, 1425301953683838759
1425301954183860056, 1425301954183863654
1425301954683884847, 1425301954683888549
1425301955183909681, 1425301955183913444
1425301955683934473, 1425301955683938339
1425301956183959264, 1425301956183963234
1425301956683984098, 1425301956683988129
1425301957184008889, 1425301957184013024
1425301957684033681, 1425301957684038911
1425301958184058473, 1425301958184063826
1425301958684083306, 1425301958684088741
1425301959184108098, 1425301959184113656
1425301959684132890, 1425301959684138571
1425301960184157681, 1425301960184163486
1425301960684182473, 1425301960684188401
1425301961184207306, 1425301961184213316
1425301961684232098, 1425301961684237162
1425301962184256890, 1425301962184262077
1425301962684281723, 1425301962684286992
1425301963184306515, 1425301963184311907
1425301963684331307, 1425301963684336822
1425301964184356140, 1425301964184361737
1425301964684380932, 1425301964684386652
1425301965184405765, 1425301965184411567
1425301965684430557, 1425301965684435389
1425301966184455349, 1425301966184460304
1425301966684480182, 1425301966684485219
1425301967184504974, 1425301967184510134
1425301967684529807, 1425301967684535049
1425301968184554599, 1425301968184559964
1425301968684579391, 1425301968684584879
1425301969184604224, 1425301969184609794
1425301969684629016, 1425301969684634597
1425301970184653808, 1425301970184659512
1425301970684678641, 1425301970684684427
1425301971184703433, 1425301971184709342
1425301971684728266, 1425301971684734257
1425301972184753058, 1425301972184759172
1425301972684777850, 1425301972684784087
1425301973184802683, 1425301973184809002
1425301973684827475, 1425301973684832481
1425301974184852266, 1425301974184857396
1425301974684877100, 1425301974684882311
1425301975184901891, 1425301975184907226
1425301975684926725, 1425301975684932141
1425301976184951517, 1425301976184957056
1425301976684976350, 1425301976684981971
1425301977185001142, 1425301977185006886
1425301977685025933, 1425301977685030340
1425301978185050767, 1425301978185055235
1425301978685075559, 1425301978685080130
1425301979185100392, 1425301979185105025
1425301979685125184, 1425301979685129920
1425301980185149975, 1425301980185154835
1425301980685174809, 1425301980685179750
1425301981185199601, 1425301981185204665
1425301981685224392, 1425301981685229529
1425301982185249226, 1425301982185254444
1425301982685274017, 1425301982685279359
1425301983185298809, 1425301983185304274
1425301983685323643, 1425301983685329189
1425301984185348434, 1425301984185354104
1425301984685373226, 1425301984685379019
1425301985185398059, 1425301985185403934
1425301985685422851, 1425301985685427978
1425301986185447643, 1425301986185452893
1425301986685472476, 1425301986685477808
1425301987185497268, 1425301987185502723
1425301987685522060, 1425301987685527638
1425301988185546893, 1425301988185552553
1425301988685571685, 1425301988685577468
1425301989185596476, 1425301989185602383
1425301989685621310, 1425301989685626143
1425301990185646102, 1425301990185651058
1425301990685670935, 1425301990685675973
1425301991185695727, 1425301991185700888
1425301991685720560, 1425301991685725803
1425301992185745352, 1425301992185750718
1425301992685770185, 1425301992685775633
1425301993185794977, 1425301993185800548
1425301993685819769, 1425301993685825127
1425301994185844602, 1425301994185850042
1425301994685869394, 1425301994685874957
1425301995185894227, 1425301995185899872
1425301995685919019, 1425301995685924787
1425301996185943811, 1425301996185949702
1425301996685968644, 1425301996685974617
1425301997185993436, 1425301997185999532
1425301997686018228, 1425301997686024779
1425301998186043061, 1425301998186049694
1425301998686067853, 1425301998686074609
1425301999186092686, 1425301999186099524
1425301999686117478, 1425301999686124439
1425302000186142311, 1425302000186145569
1425302000686167103, 1425302000686170464
1425302001186191895, 1425302001186195359
1425302001686216728, 1425302001686222291
1425302002186241520, 1425302002186247206
1425302002686266353, 1425302002686272121
1425302003186291145, 1425302003186297036
1425302003686315937, 1425302003686321951
1425302004186340770, 1425302004186346866
1425302004686365562, 1425302004686371781
1425302005186390395, 1425302005186396696
1425302005686415187, 1425302005686418700
1425302006186440020, 1425302006186443595
1425302006686464812, 1425302006686468490
1425302007186489645, 1425302007186493385
1425302007686514437, 1425302007686518280
1425302008186539229, 1425302008186543175
1425302008686564062, 1425302008686568070
1425302009186588854, 1425302009186592965
1425302009686613646, 1425302009686619156
1425302010186638479, 1425302010186644071
1425302010686663271, 1425302010686668986
1425302011186688104, 1425302011186693901
1425302011686712896, 1425302011686718816
1425302012186737688, 1425302012186743731
1425302012686762521, 1425302012686768646
1425302013186787313, 1425302013186793561
1425302013686812146, 1425302013686818931
1425302014186836938, 1425302014186843846
1425302014686861730, 1425302014686864976
1425302015186886563, 1425302015186889871
1425302015686911355, 1425302015686914766
1425302016186936188, 1425302016186939661
1425302016686960980, 1425302016686964556
1425302017186985772, 1425302017186989451
1425302017687010605, 1425302017687013960
1425302018187035397, 1425302018187038855
1425302018687060230, 1425302018687063750
1425302019187085022, 1425302019187088645
1425302019687109855, 1425302019687113540
1425302020187134647, 1425302020187138435
1425302020687159439, 1425302020687163330
1425302021187184272, 1425302021187188225
1425302021687209064, 1425302021687215889
1425302022187233897, 1425302022187240804
1425302022687258689, 1425302022687261934
1425302023187283522, 1425302023187286829
1425302023687308314, 1425302023687311724
1425302024187333147, 1425302024187336619
1425302024687357939, 1425302024687361514
1425302025187382772, 1425302025187386409
1425302025687407564, 1425302025687414109
1425302026187432398, 1425302026187439024
1425302026687457189, 1425302026687463939
1425302027187482023, 1425302027187488854
1425302027687506814, 1425302027687513769
1425302028187531648, 1425302028187534899
1425302028687556440, 1425302028687559794
1425302029187581273, 1425302029187584689
1425302029687606065, 1425302029687610366
1425302030187630898, 1425302030187635261
1425302030687655690, 1425302030687660156
1425302031187680482, 1425302031187685051
1425302031687705315, 1425302031687709946
1425302032187730107, 1425302032187734841
1425302032687754940, 1425302032687759756
1425302033187779732, 1425302033187784671
1425302033687804523, 1425302033687810212
1425302034187829357, 1425302034187835127
1425302034687854149, 1425302034687860042
1425302035187878982, 1425302035187884957
1425302035687903774, 1425302035687909872
1425302036187928607, 1425302036187934787
1425302036687953399, 1425302036687959702
1425302037187978232, 1425302037187984617
1425302037688003024, 1425302037688008206
1425302038188027857, 1425302038188033121
1425302038688052649, 1425302038688058036
1425302039188077482, 1425302039188082951
1425302039688102274, 1425302039688107866
1425302040188127066, 1425302040188132781
1425302040688151899, 1425302040688157696
1425302041188176691, 1425302041188182611
1425302041688201524, 1425302041688208418
1425302042188226316, 1425302042188229548
1425302042688251150, 1425302042688254443
1425302043188275941, 1425302043188279338
1425302043688300775, 1425302043688304233
1425302044188325566, 1425302044188329128
1425302044688350400, 1425302044688354023
1425302045188375233, 1425302045188378918
1425302045688400025, 1425302045688406618
1425302046188424858, 1425302046188431533
1425302046688449650, 1425302046688456448
1425302047188474483, 1425302047188481363
1425302047688499275, 1425302047688502493
1425302048188524109, 1425302048188527388
1425302048688548900, 1425302048688552283
1425302049188573692, 1425302049188577178
1425302049688598525, 1425302049688604387
1425302050188623317, 1425302050188629302
1425302050688648150, 1425302050688654217
1425302051188672942, 1425302051188679132
1425302051688697776, 1425302051688704047
1425302052188722567, 1425302052188728962
1425302052688747401, 1425302052688753877
1425302053188772192, 1425302053188778792
1425302053688797026, 1425302053688802182
1425302054188821818, 1425302054188827097
1425302054688846609, 1425302054688852012
1425302055188871443, 1425302055188876927
1425302055688896234, 1425302055688901842
1425302056188921068, 1425302056188926757
1425302056688945860, 1425302056688951672
1425302057188970651, 1425302057188976587
1425302057688995485, 1425302057689002223
1425302058189020276, 1425302058189027138
1425302058689045068, 1425302058689052053
1425302059189069902, 1425302059189073183
1425302059689094693, 1425302059689098078
1425302060189119485, 1425302060189122973
1425302060689144318, 1425302060689147868
1425302061189169110, 1425302061189172763
1425302061689193902, 1425302061689197583
1425302062189218735, 1425302062189222478
1425302062689243527, 1425302062689247373
1425302063189268319, 1425302063189272268
1425302063689293152, 1425302063689297163
1425302064189317944, 1425302064189322058
1425302064689342735, 1425302064689346953
1425302065189367569, 1425302065189371848
1425302065689392361, 1425302065689397639
1425302066189417152, 1425302066189422554
1425302066689441986, 1425302066689447469
1425302067189466777, 1425302067189472384
1425302067689491569, 1425302067689497299
1425302068189516403, 1425302068189522214
1425302068689541194, 1425302068689547129
1425302069189565986, 1425302069189572044
1425302069689590819, 1425302069689594971
1425302070189615611, 1425302070189619866
1425302070689640403, 1425302070689644761
1425302071189665236, 1425302071189669656
1425302071689690028, 1425302071689694551
1425302072189714820, 1425302072189719446
1425302072689739653, 1425302072689744341
1425302073189764445, 1425302073189769256
1425302073689789237, 1425302073689793027
1425302074189814070, 1425302074189817922
1425302074689838862, 1425302074689842817
1425302075189863695, 1425302075189867712
1425302075689888487, 1425302075689892607
1425302076189913279, 1425302076189917502
1425302076689938112, 1425302076689942397
1425302077189962904, 1425302077189967292
1425302077689987737, 1425302077689994024
1425302078190012529, 1425302078190018939
1425302078690037320, 1425302078690043854
1425302079190062154, 1425302079190068769
1425302079690086946, 1425302079690093684
1425302080190111737, 1425302080190118599
1425302080690136571, 1425302080690143514
1425302081190161362, 1425302081190164644
1425302081690186154, 1425302081690189672
1425302082190210946, 1425302082190214567
1425302082690235779, 1425302082690239462
1425302083190260571, 1425302083190264357
1425302083690285363, 1425302083690289252
1425302084190310154, 1425302084190314147
1425302084690334988, 1425302084690339042
1425302085190359780, 1425302085190363937
1425302085690384613, 1425302085690388776
1425302086190409405, 1425302086190413671
1425302086690434196, 1425302086690438566
1425302087190459030, 1425302087190463461
1425302087690483822, 1425302087690488356
1425302088190508655, 1425302088190513251
