1425304436907263018, 1425304436907268014
1425304437407287852, 1425304437407294864
1425304437907312727, 1425304437907317849
1425304438407337560, 1425304438407340834
1425304438907362394, 1425304438907367624
1425304439407387227, 1425304439407390609
1425304439907412102, 1425304439907417399
1425304440407436935, 1425304440407440384
1425304440907461769, 1425304440907467174
1425304441407486602, 1425304441407490159
1425304441907511477, 1425304441907516949
1425304442407536311, 1425304442407539934
1425304442907561144, 1425304442907566724
1425304443407585977, 1425304443407589709
1425304443907610811, 1425304443907616499
1425304444407635644, 1425304444407639484
1425304444907660519, 1425304444907666294
1425304445407685353, 1425304445407689279
1425304445907710186, 1425304445907716089
1425304446407735019, 1425304446407739074
1425304446907759853, 1425304446907765884
1425304447407784728, 1425304447407788869
1425304447907809561, 1425304447907815679
1425304448407834395, 1425304448407838664
1425304448907859228, 1425304448907865474
1425304449407884061, 1425304449407888459
1425304449907908937, 1425304449907915269
1425304450407933770, 1425304450407938254
1425304450907958603, 1425304450907965064
1425304451407983437, 1425304451407988049
1425304451908008312, 1425304451908014859
1425304452408033145, 1425304452408037844
1425304452908057979, 1425304452908064654
1425304453408082812, 1425304453408087639
1425304453908107687, 1425304453908114449
1425304454408132520, 1425304454408137434
1425304454908157354, 1425304454908164244
1425304455408182187, 1425304455408187229
1425304455908207021, 1425304455908214039
1425304456408231896, 1425304456408237024
1425304456908256729, 1425304456908260009
1425304457408281562, 1425304457408286799
1425304457908306396, 1425304457908309784
1425304458408331229, 1425304458408336574
1425304458908356104, 1425304458908359559
1425304459408380938, 1425304459408386349
1425304459908405771, 1425304459908409334
1425304460408430604, 1425304460408436124
1425304460908455479, 1425304460908458909
1425304461408480313, 1425304461408484374
1425304461908505146, 1425304461908509859
1425304462408529980, 1425304462408535344
1425304462908554813, 1425304462908558795
1425304463408579646, 1425304463408585645
1425304463908604480, 1425304463908608630
1425304464408629313, 1425304464408635440
1425304464908654188, 1425304464908658425
1425304465408679022, 1425304465408685235
1425304465908703855, 1425304465908708220
1425304466408728688, 1425304466408735030
1425304466908753522, 1425304466908758015
1425304467408778355, 1425304467408784825
1425304467908803189, 1425304467908807810
1425304468408828022, 1425304468408834620
1425304468908852855, 1425304468908857605
1425304469408877689, 1425304469408884415
1425304469908902522, 1425304469908907400
1425304470408927397, 1425304470408934210
1425304470908952231, 1425304470908957195
1425304471408977064, 1425304471408984005
1425304471909001897, 1425304471909006990
1425304472409026731, 1425304472409029975
1425304472909051564, 1425304472909056765
1425304473409076398, 1425304473409079750
1425304473909101231, 1425304473909106540
1425304474409126064, 1425304474409129525
1425304474909150898, 1425304474909156315
1425304475409175731, 1425304475409179300
1425304475909200565, 1425304475909206090
1425304476409225398, 1425304476409229075
1425304476909250231, 1425304476909255865
1425304477409275065, 1425304477409278850
1425304477909299898, 1425304477909305660
1425304478409324732, 1425304478409328645
1425304478909349565, 1425304478909355455
1425304479409374398, 1425304479409378440
1425304479909399232, 1425304479909405250
1425304480409424065, 1425304480409428235
1425304480909448899, 1425304480909455045
1425304481409473732, 1425304481409478030
1425304481909498565, 1425304481909504840
1425304482409523399, 1425304482409527825
1425304482909548232, 1425304482909554635
1425304483409573065, 1425304483409577620
1425304483909597899, 1425304483909604430
1425304484409622732, 1425304484409627415
1425304484909647566, 1425304484909654225
1425304485409672399, 1425304485409677210
1425304485909697232, 1425304485909704020
1425304486409722066, 1425304486409727005
1425304486909746899, 1425304486909753815
1425304487409771733, 1425304487409776800
1425304487909796566, 1425304487909799785
1425304488409821399, 1425304488409826575
1425304488909846233, 1425304488909849560
1425304489409871066, 1425304489409876350
1425304489909895900, 1425304489909899335
1425304490409920733, 1425304490409926125
1425304490909945525, 1425304490909949110
1425304491409970358, 1425304491409975900
1425304491909995192, 1425304491909998885
1425304492410020025, 1425304492410025675
1425304492910044858, 1425304492910050535
1425304493410069692, 1425304493410076020
1425304493910094525, 1425304493910101505
1425304494410119358, 1425304494410123160
1425304494910144192, 1425304494910147462
1425304495410169025, 1425304495410174292
1425304495910193859, 1425304495910197277
1425304496410218692, 1425304496410224067
1425304496910243525, 1425304496910247052
1425304497410268359, 1425304497410273842
1425304497910293192, 1425304497910296827
1425304498410318026, 1425304498410323617
1425304498910342859, 1425304498910346602
1425304499410367692, 1425304499410373392
1425304499910392526, 1425304499910396377
1425304500410417359, 1425304500410423187
1425304500910442193, 1425304500910446172
1425304501410467026, 1425304501410472982
1425304501910491859, 1425304501910495967
1425304502410516693, 1425304502410522777
1425304502910541526, 1425304502910545762
1425304503410566360, 1425304503410572572
1425304503910591193, 1425304503910595557
1425304504410615985, 1425304504410622367
1425304504910640818, 1425304504910645352
1425304505410665651, 1425304505410672162
1425304505910690485, 1425304505910695147
1425304506410715318, 1425304506410721957
1425304506910740152, 1425304506910744942
1425304507410764985, 1425304507410771752
1425304507910789777, 1425304507910794737
1425304508410814610, 1425304508410821547
1425304508910839444, 1425304508910844532
1425304509410864277, 1425304509410867517
1425304509910889110, 1425304509910894307
1425304510410913944, 1425304510410917292
1425304510910938777, 1425304510910944082
1425304511410963611, 1425304511410967067
1425304511910988444, 1425304511910993857
1425304512411013277, 1425304512411016842
1425304512911038069, 1425304512911043632
1425304513411062902, 1425304513411066617
1425304513911087736, 1425304513911093407
1425304514411112569, 1425304514411116392
1425304514911137403, 1425304514911143202
1425304515411162194, 1425304515411166187
1425304515911187028, 1425304515911192997
1425304516411211861, 1425304516411215982
1425304516911236694, 1425304516911242792
1425304517411261528, 1425304517411265777
1425304517911286320, 1425304517911292587
1425304518411311153, 1425304518411315572
1425304518911335986, 1425304518911342382
1425304519411360820, 1425304519411365367
1425304519911385653, 1425304519911392177
1425304520411410487, 1425304520411415162
1425304520911435278, 1425304520911441972
1425304521411460112, 1425304521411464957
1425304521911484945, 1425304521911491767
1425304522411509778, 1425304522411514752
1425304522911534612, 1425304522911541562
1425304523411559445, 1425304523411564547
1425304523911584237, 1425304523911587532
1425304524411609070, 1425304524411614322
1425304524911633904, 1425304524911637427
1425304525411658737, 1425304525411662892
1425304525911683571, 1425304525911688377
1425304526411708404, 1425304526411713862
1425304526911733237, 1425304526911737344
1425304527411758071, 1425304527411764194
1425304527911782862, 1425304527911787179
1425304528411807696, 1425304528411813989
1425304528911832529, 1425304528911836974
1425304529411857363, 1425304529411863784
1425304529911882196, 1425304529911886769
1425304530411907029, 1425304530411913579
1425304530911931863, 1425304530911936564
1425304531411956696, 1425304531411963374
1425304531911981530, 1425304531911986359
1425304532412006363, 1425304532412013169
1425304532912031196, 1425304532912036154
1425304533412056030, 1425304533412062964
1425304533912080863, 1425304533912085949
1425304534412105697, 1425304534412108934
1425304534912130530, 1425304534912135724
1425304535412155363, 1425304535412158709
1425304535912180197, 1425304535912185499
1425304536412205030, 1425304536412208484
1425304536912229822, 1425304536912235274
1425304537412254655, 1425304537412258259
1425304537912279489, 1425304537912285049
1425304538412304322, 1425304538412308034
1425304538912329155, 1425304538912334824
1425304539412353989, 1425304539412357809
1425304539912378781, 1425304539912384619
1425304540412403614, 1425304540412407604
1425304540912428447, 1425304540912434414
1425304541412453281, 1425304541412457399
1425304541912478114, 1425304541912484209
1425304542412502948, 1425304542412507194
1425304542912527781, 1425304542912534004
1425304543412552614, 1425304543412556989
1425304543912577406, 1425304543912583799
1425304544412602239, 1425304544412606784
1425304544912627073, 1425304544912633594
1425304545412651906, 1425304545412656579
1425304545912676740, 1425304545912683389
1425304546412701573, 1425304546412706374
1425304546912726406, 1425304546912733184
1425304547412751240, 1425304547412756169
1425304547912776032, 1425304547912782979
1425304548412800865, 1425304548412805964
1425304548912825698, 1425304548912828949
1425304549412850532, 1425304549412855739
1425304549912875365, 1425304549912878724
1425304550412900198, 1425304550412905514
1425304550912925032, 1425304550912928499
1425304551412949865, 1425304551412955289
1425304551912974699, 1425304551912978274
1425304552412999532, 1425304552413005064
1425304552913024365, 1425304552913028049
1425304553413049199, 1425304553413054839
1425304553913074032, 1425304553913077824
1425304554413098866, 1425304554413104634
1425304554913123699, 1425304554913127619
1425304555413148532, 1425304555413154429
1425304555913173366, 1425304555913177414
1425304556413198199, 1425304556413204224
1425304556913222991, 1425304556913229404
1425304557413247824, 1425304557413251059
1425304557913272658, 1425304557913276524
1425304558413297491, 1425304558413302009
1425304558913322324, 1425304558913327881
1425304559413347158, 1425304559413350906
1425304559913371991, 1425304559913377696
1425304560413396825, 1425304560413400681
1425304560913421658, 1425304560913427491
1425304561413446491, 1425304561413450476
1425304561913471283, 1425304561913477286
1425304562413496117, 1425304562413500271
1425304562913520950, 1425304562913527081
1425304563413545783, 1425304563413550066
1425304563913570617, 1425304563913576876
1425304564413595450, 1425304564413599861
1425304564913620284, 1425304564913626671
1425304565413645117, 1425304565413649656
1425304565913669950, 1425304565913676466
1425304566413694742, 1425304566413699451
1425304566913719575, 1425304566913726261
1425304567413744409, 1425304567413749246
1425304567913769242, 1425304567913776056
1425304568413794076, 1425304568413799041
1425304568913818909, 1425304568913825851
1425304569413843742, 1425304569413848836
1425304569913868576, 1425304569913871821
1425304570413893409, 1425304570413898611
1425304570913918243, 1425304570913921596
1425304571413943076, 1425304571413948386
1425304571913967909, 1425304571913971371
1425304572413992743, 1425304572413998161
1425304572914017576, 1425304572914021146
1425304573414042368, 1425304573414047936
1425304573914067201, 1425304573914070921
1425304574414092035, 1425304574414097711
1425304574914116868, 1425304574914120696
1425304575414141701, 1425304575414147506
1425304575914166535, 1425304575914170491
1425304576414191368, 1425304576414197301
1425304576914216202, 1425304576914220286
1425304577414241035, 1425304577414247096
1425304577914265868, 1425304577914270081
1425304578414290702, 1425304578414296891
1425304578914315535, 1425304578914319876
1425304579414340369, 1425304579414346686
1425304579914365202, 1425304579914369671
1425304580414390035, 1425304580414396481
1425304580914414869, 1425304580914419466
1425304581414439702, 1425304581414446276
1425304581914464536, 1425304581914469261
1425304582414489369, 1425304582414496071
1425304582914514161, 1425304582914519056
1425304583414538994, 1425304583414545866
1425304583914563827, 1425304583914568851
1425304584414588661, 1425304584414595661
1425304584914613494, 1425304584914618646
1425304585414638328, 1425304585414641631
1425304585914663161, 1425304585914668421
1425304586414687994, 1425304586414691406
1425304586914712828, 1425304586914718196
1425304587414737661, 1425304587414741181
1425304587914762495, 1425304587914767971
1425304588414787286, 1425304588414790956
1425304588914812120, 1425304588914818186
1425304589414836953, 1425304589414843671
1425304589914861787, 1425304589914865326
1425304590414886620, 1425304590414890791
1425304590914911453, 1425304590914914990
1425304591414936287, 1425304591414941820
1425304591914961120, 1425304591914964805
1425304592414985953, 1425304592414991595
1425304592915010787, 1425304592915014580
1425304593415035620, 1425304593415041390
1425304593915060454, 1425304593915064375
1425304594415085287, 1425304594415091185
1425304594915110079, 1425304594915114170
1425304595415134912, 1425304595415140980
1425304595915159746, 1425304595915163965
1425304596415184579, 1425304596415190775
1425304596915209412, 1425304596915213760
1425304597415234246, 1425304597415240570
1425304597915259079, 1425304597915263555
1425304598415283913, 1425304598415290365
1425304598915308746, 1425304598915313350
1425304599415333579, 1425304599415340160
1425304599915358413, 1425304599915363145
1425304600415383246, 1425304600415389955
1425304600915408080, 1425304600915412940
1425304601415432871, 1425304601415439750
1425304601915457705, 1425304601915462735
1425304602415482538, 1425304602415489545
1425304602915507371, 1425304602915512530
1425304603415532205, 1425304603415535515
1425304603915557038, 1425304603915562305
1425304604415581872, 1425304604415585290
1425304604915606705, 1425304604915612080
1425304605415631538, 1425304605415635065
1425304605915656372, 1425304605915661855
1425304606415681205, 1425304606415684840
1425304606915705997, 1425304606915711630
1425304607415730830, 1425304607415734615
1425304607915755664, 1425304607915761405
1425304608415780497, 1425304608415784390
1425304608915805330, 1425304608915811200
1425304609415830164, 1425304609415834185
1425304609915854997, 1425304609915860995
1425304610415879831, 1425304610415883980
1425304610915904664, 1425304610915910790
1425304611415929497, 1425304611415933775
1425304611915954331, 1425304611915960585
1425304612415979123, 1425304612415983570
1425304612916003956, 1425304612916010380
1425304613416028789, 1425304613416033365
1425304613916053664, 1425304613916060175
1425304614416078456, 1425304614416083160
1425304614916103290, 1425304614916109970
1425304615416128123, 1425304615416132955
1425304615916152956, 1425304615916159765
1425304616416177790, 1425304616416182750
1425304616916202623, 1425304616916209560
1425304617416227456, 1425304617416232545
1425304617916252290, 1425304617916255530
1425304618416277123, 1425304618416282320
1425304618916301957, 1425304618916305305
1425304619416326790, 1425304619416332095
1425304619916351623, 1425304619916355080
1425304620416376457, 1425304620416381870
1425304620916401290, 1425304620916407365
1425304621416426124, 1425304621416432850
1425304621916450957, 1425304621916454505
1425304622416475790, 1425304622416479970
1425304622916500624, 1425304622916507590
1425304623416525457, 1425304623416530615
1425304623916550291, 1425304623916553600
1425304624416575124, 1425304624416580390
1425304624916599957, 1425304624916603375
1425304625416624791, 1425304625416630165
1425304625916649624, 1425304625916653150
1425304626416674499, 1425304626416679940
1425304626916699333, 1425304626916702925
1425304627416724166, 1425304627416729715
1425304627916748999, 1425304627916752700
1425304628416773833, 1425304628416779490
1425304628916798666, 1425304628916802475
1425304629416823500, 1425304629416829285
1425304629916848333, 1425304629916852270
1425304630416873166, 1425304630416879080
1425304630916898000, 1425304630916902065
1425304631416922833, 1425304631416928875
1425304631916947667, 1425304631916951860
1425304632416972458, 1425304632416978670
1425304632916997292, 1425304632917001655
1425304633417022125, 1425304633417028465
1425304633917046958, 1425304633917051450
1425304634417071792, 1425304634417078260
1425304634917096625, 1425304634917101245
1425304635417121459, 1425304635417128055
1425304635917146292, 1425304635917151040
1425304636417171125, 1425304636417177850
1425304636917195959, 1425304636917200835
1425304637417220792, 1425304637417227645
1425304637917245626, 1425304637917250630
1425304638417270459, 1425304638417277440
1425304638917295292, 1425304638917300425
1425304639417320126, 1425304639417323410
1425304639917344959, 1425304639917350200
1425304640417369793, 1425304640417373185
1425304640917394584, 1425304640917399975
1425304641417419418, 1425304641417422960
1425304641917444251, 1425304641917449750
1425304642417469084, 1425304642417472735
1425304642917493918, 1425304642917499525
1425304643417518751, 1425304643417522510
1425304643917543585, 1425304643917549300
1425304644417568460, 1425304644417572285
1425304644917593251, 1425304644917599095
1425304645417618085, 1425304645417622080
1425304645917642918, 1425304645917648890
1425304646417667752, 1425304646417671875
1425304646917692585, 1425304646917698685
1425304647417717418, 1425304647417721670
1425304647917742293, 1425304647917748480
1425304648417767127, 1425304648417771465
1425304648917791960, 1425304648917798275
1425304649417816794, 1425304649417821260
1425304649917841627, 1425304649917848070
1425304650417866460, 1425304650417871055
1425304650917891294, 1425304650917897865
1425304651417916127, 1425304651417920850
1425304651917941002, 1425304651917947660
1425304652417965836, 1425304652417970645
1425304652917990669, 1425304652917994385
1425304653418015502, 1425304653418019870
1425304653918040336, 1425304653918045355
1425304654418065169, 1425304654418070840
1425304654918089961, 1425304654918094566
1425304655418114794, 1425304655418121416
1425304655918139628, 1425304655918144401
1425304656418164461, 1425304656418171211
1425304656918189295, 1425304656918194196
1425304657418214128, 1425304657418221006
1425304657918238961, 1425304657918243991
1425304658418263795, 1425304658418270801
1425304658918288628, 1425304658918293786
1425304659418313420, 1425304659418316771
1425304659918338253, 1425304659918343561
1425304660418363087, 1425304660418366546
1425304660918387920, 1425304660918393336
1425304661418412753, 1425304661418416321
1425304661918437587, 1425304661918443111
1425304662418462420, 1425304662418466096
1425304662918487254, 1425304662918492886
1425304663418512087, 1425304663418515871
1425304663918536920, 1425304663918542681
1425304664418561754, 1425304664418565666
1425304664918586587, 1425304664918592476
1425304665418611379, 1425304665418615461
1425304665918636212, 1425304665918642271
1425304666418661046, 1425304666418665256
1425304666918685879, 1425304666918692066
1425304667418710712, 1425304667418715051
1425304667918735546, 1425304667918741861
1425304668418760379, 1425304668418764846
1425304668918785213, 1425304668918791656
1425304669418810046, 1425304669418814641
1425304669918834879, 1425304669918841451
1425304670418859671, 1425304670418864436
1425304670918884505, 1425304670918891246
1425304671418909338, 1425304671418914231
1425304671918934171, 1425304671918941041
1425304672418959005, 1425304672418964026
1425304672918983838, 1425304672918990836
1425304673419008671, 1425304673419013821
1425304673919033505, 1425304673919036806
1425304674419058338, 1425304674419063596
1425304674919083172, 1425304674919086581
1425304675419108005, 1425304675419113371
1425304675919132838, 1425304675919136356
1425304676419157672, 1425304676419163146
1425304676919182505, 1425304676919186131
1425304677419207339, 1425304677419212921
1425304677919232172, 1425304677919235906
1425304678419257005, 1425304678419262716
1425304678919281797, 1425304678919285701
1425304679419306631, 1425304679419312511
1425304679919331464, 1425304679919335496
1425304680419356297, 1425304680419362306
1425304680919381131, 1425304680919385291
1425304681419405964, 1425304681419412101
1425304681919430797, 1425304681919435086
1425304682419455631, 1425304682419461896
1425304682919480464, 1425304682919484881
1425304683419505298, 1425304683419511691
1425304683919530131, 1425304683919534676
1425304684419554964, 1425304684419561486
1425304684919579798, 1425304684919583471
1425304685419604590, 1425304685419608956
1425304685919629423, 1425304685919634441
1425304686419654256, 1425304686419659926
1425304686919679090, 1425304686919683270
1425304687419703923, 1425304687419710120
1425304687919728757, 1425304687919733105
1425304688419753590, 1425304688419759915
1425304688919778423, 1425304688919782900
1425304689419803257, 1425304689419809710
1425304689919828090, 1425304689919832695
1425304690419852924, 1425304690419859505
1425304690919877757, 1425304690919882490
1425304691419902590, 1425304691419909300
1425304691919927424, 1425304691919932285
1425304692419952257, 1425304692419959095
1425304692919977090, 1425304692919982080
1425304693420001924, 1425304693420008890
1425304693920026757, 1425304693920031875
1425304694420051591, 1425304694420054860
1425304694920076424, 1425304694920081650
1425304695420101257, 1425304695420104635
1425304695920126091, 1425304695920131425
1425304696420150924, 1425304696420154410
1425304696920175758, 1425304696920181200
1425304697420200591, 1425304697420204185
1425304697920225424, 1425304697920230975
1425304698420250258, 1425304698420253960
1425304698920275091, 1425304698920280750
1425304699420299925, 1425304699420303735
1425304699920324758, 1425304699920330545
1425304700420349591, 1425304700420353530
1425304700920374383, 1425304700920380340
1425304701420399216, 1425304701420403325
1425304701920424050, 1425304701920430135
1425304702420448883, 1425304702420453120
1425304702920473717, 1425304702920479930
1425304703420498550, 1425304703420502915
1425304703920523383, 1425304703920529725
1425304704420548217, 1425304704420552710
1425304704920573050, 1425304704920579520
1425304705420597884, 1425304705420602505
1425304705920622717, 1425304705920629315
1425304706420647550, 1425304706420652300
1425304706920672384, 1425304706920679110
1425304707420697217, 1425304707420702095
1425304707920722051, 1425304707920728905
1425304708420746884, 1425304708420751890
1425304708920771717, 1425304708920778700
1425304709420796551, 1425304709420801685
1425304709920821384, 1425304709920824670
1425304710420846218, 1425304710420851460
1425304710920871051, 1425304710920874445
1425304711420895884, 1425304711420901235
1425304711920920676, 1425304711920924220
1425304712420945509, 1425304712420951010
1425304712920970343, 1425304712920973995
1425304713420995176, 1425304713421000785
1425304713921020010, 1425304713921023770
1425304714421044843, 1425304714421050560
1425304714921069676, 1425304714921073545
1425304715421094551, 1425304715421100355
1425304715921119385, 1425304715921123340
1425304716421144218, 1425304716421150150
1425304716921169052, 1425304716921174210
1425304717421193885, 1425304717421199695
1425304717921218718, 1425304717921225180
1425304718421243510, 1425304718421246835
1425304718921268344, 1425304718921271702
1425304719421293177, 1425304719421298532
1425304719921318010, 1425304719921321517
1425304720421342844, 1425304720421348307
1425304720921367677, 1425304720921371292
1425304721421392511, 1425304721421398082
1425304721921417344, 1425304721921421067
1425304722421442177, 1425304722421447857
1425304722921467011, 1425304722921470842
1425304723421491844, 1425304723421497652
1425304723921516678, 1425304723921520637
1425304724421541511, 1425304724421547447
1425304724921566344, 1425304724921570432
1425304725421591178, 1425304725421597242
1425304725921616011, 1425304725921620227
1425304726421640803, 1425304726421647037
1425304726921665636, 1425304726921670022
1425304727421690470, 1425304727421696832
1425304727921715303, 1425304727921719817
1425304728421740136, 1425304728421746627
1425304728921764970, 1425304728921769612
1425304729421789803, 1425304729421796422
1425304729921814637, 1425304729921819407
1425304730421839428, 1425304730421846217
1425304730921864262, 1425304730921869202
1425304731421889095, 1425304731421896012
1425304731921913928, 1425304731921918997
1425304732421938762, 1425304732421941982
1425304732921963595, 1425304732921968772
1425304733421988429, 1425304733421991757
1425304733922013262, 1425304733922018547
1425304734422038095, 1425304734422041532
1425304734922062929, 1425304734922068322
1425304735422087762, 1425304735422091307
1425304735922112596, 1425304735922118097
1425304736422137429, 1425304736422141082
1425304736922162262, 1425304736922167872
1425304737422187096, 1425304737422190857
1425304737922211929, 1425304737922217667
1425304738422236763, 1425304738422240652
1425304738922261596, 1425304738922267462
1425304739422286429, 1425304739422290447
1425304739922311263, 1425304739922317257
1425304740422336096, 1425304740422340242
1425304740922360930, 1425304740922367052
1425304741422385763, 1425304741422390037
1425304741922410596, 1425304741922416847
1425304742422435430, 1425304742422439832
1425304742922460263, 1425304742922466642
1425304743422485096, 1425304743422489627
1425304743922509930, 1425304743922516437
1425304744422534763, 1425304744422539422
1425304744922559597, 1425304744922566232
1425304745422584430, 1425304745422589217
1425304745922609263, 1425304745922616027
1425304746422634097, 1425304746422639012
1425304746922658930, 1425304746922665822
1425304747422683764, 1425304747422688807
1425304747922708597, 1425304747922711792
1425304748422733430, 1425304748422738582
1425304748922758222, 1425304748922764717
1425304749422783056, 1425304749422786372
1425304749922807889, 1425304749922811837
1425304750422832722, 1425304750422837322
1425304750922857556, 1425304750922863819
1425304751422882389, 1425304751422886844
1425304751922907223, 1425304751922913654
1425304752422932056, 1425304752422936639
1425304752922956848, 1425304752922963449
1425304753422981681, 1425304753422986434
1425304753923006514, 1425304753923013244
1425304754423031348, 1425304754423036229
1425304754923056181, 1425304754923063039
1425304755423081015, 1425304755423086024
1425304755923105848, 1425304755923112834
1425304756423130681, 1425304756423135819
1425304756923155515, 1425304756923158804
1425304757423180348, 1425304757423185594
1425304757923205182, 1425304757923208579
1425304758423230015, 1425304758423235369
1425304758923254848, 1425304758923258354
1425304759423279682, 1425304759423285144
1425304759923304515, 1425304759923308129
1425304760423329349, 1425304760423334919
1425304760923354182, 1425304760923357904
1425304761423379015, 1425304761423384694
1425304761923403849, 1425304761923407679
1425304762423428682, 1425304762423434489
1425304762923453515, 1425304762923457474
1425304763423478349, 1425304763423484284
1425304763923503182, 1425304763923507269
1425304764423528016, 1425304764423534079
1425304764923552849, 1425304764923557064
1425304765423577682, 1425304765423583874
1425304765923602516, 1425304765923606859
1425304766423627349, 1425304766423633669
1425304766923652183, 1425304766923656654
1425304767423677016, 1425304767423683464
1425304767923701849, 1425304767923706449
1425304768423726683, 1425304768423733259
1425304768923751516, 1425304768923756244
1425304769423776391, 1425304769423783054
1425304769923801225, 1425304769923806039
1425304770423826058, 1425304770423832849
1425304770923850891, 1425304770923855834
1425304771423875725, 1425304771423882644
1425304771923900558, 1425304771923905629
1425304772423925392, 1425304772423928614
1425304772923950225, 1425304772923955404
1425304773423975058, 1425304773423978389
1425304773923999892, 1425304773924005179
1425304774424024725, 1425304774424028164
1425304774924049559, 1425304774924054954
1425304775424074392, 1425304775424077939
1425304775924099225, 1425304775924104729
1425304776424124059, 1425304776424127714
1425304776924148892, 1425304776924154504
1425304777424173726, 1425304777424177489
1425304777924198559, 1425304777924204299
1425304778424223434, 1425304778424227284
1425304778924248267, 1425304778924254094
1425304779424273101, 1425304779424277079
1425304779924297934, 1425304779924303889
1425304780424322768, 1425304780424326874
1425304780924347601, 1425304780924351254
1425304781424372434, 1425304781424376739
1425304781924397268, 1425304781924402224
1425304782424422101, 1425304782424427709
1425304782924446976, 1425304782924452421
1425304783424471810, 1425304783424475446
1425304783924496643, 1425304783924502236
1425304784424521476, 1425304784424525221
1425304784924546310, 1425304784924552011
1425304785424571143, 1425304785424574996
1425304785924595977, 1425304785924601806
1425304786424620810, 1425304786424624791
1425304786924645643, 1425304786924651601
1425304787424670477, 1425304787424674586
1425304787924695352, 1425304787924701396
1425304788424720185, 1425304788424724381
1425304788924745019, 1425304788924751191
1425304789424769852, 1425304789424774176
1425304789924794685, 1425304789924800986
1425304790424819519, 1425304790424823971
1425304790924844394, 1425304790924850781
1425304791424869227, 1425304791424873766
1425304791924894061, 1425304791924900576
1425304792424918894, 1425304792424923561
1425304792924943727, 1425304792924950371
1425304793424968561, 1425304793424973356
1425304793924993394, 1425304793925000166
1425304794425018228, 1425304794425023151
1425304794925043103, 1425304794925049961
1425304795425067936, 1425304795425072946
1425304795925092769, 1425304795925099756
1425304796425117603, 1425304796425122741
1425304796925142436, 1425304796925145726
1425304797425167270, 1425304797425172516
1425304797925192103, 1425304797925195501
1425304798425216936, 1425304798425222291
1425304798925241770, 1425304798925245276
1425304799425266603, 1425304799425272066
1425304799925291437, 1425304799925295051
1425304800425316270, 1425304800425321841
1425304800925341103, 1425304800925344826
1425304801425365937, 1425304801425371616
1425304801925390812, 1425304801925394601
1425304802425415645, 1425304802425421411
1425304802925440479, 1425304802925444396
1425304803425465312, 1425304803425471206
1425304803925490145, 1425304803925494191
1425304804425514979, 1425304804425521001
1425304804925539812, 1425304804925543986
1425304805425564646, 1425304805425570796
1425304805925589479, 1425304805925593781
1425304806425614312, 1425304806425620591
1425304806925639146, 1425304806925643576
1425304807425663979, 1425304807425670386
1425304807925688813, 1425304807925693371
1425304808425713646, 1425304808425720181
1425304808925738479, 1425304808925743166
1425304809425763313, 1425304809425769976
1425304809925788146, 1425304809925792961
1425304810425812979, 1425304810425819771
1425304810925837813, 1425304810925842756
1425304811425862646, 1425304811425869566
1425304811925887480, 1425304811925892551
1425304812425912313, 1425304812425919361
1425304812925937146, 1425304812925941991
1425304813425962022, 1425304813425967476
1425304813925986855, 1425304813925992961
1425304814426011688, 1425304814426018446
1425304814926036522, 1425304814926041355
1425304815426061355, 1425304815426068205
1425304815926086188, 1425304815926091190
1425304816426111022, 1425304816426118000
1425304816926135855, 1425304816926140985
1425304817426160689, 1425304817426163970
1425304817926185522, 1425304817926190760
1425304818426210355, 1425304818426213745
1425304818926235230, 1425304818926240535
1425304819426260022, 1425304819426263520
1425304819926284856, 1425304819926290310
1425304820426309689, 1425304820426313295
1425304820926334522, 1425304820926340085
1425304821426359356, 1425304821426363070
1425304821926384189, 1425304821926389860
1425304822426409023, 1425304822426412845
1425304822926433856, 1425304822926439655
1425304823426458689, 1425304823426462640
1425304823926483523, 1425304823926489450
1425304824426508356, 1425304824426512435
1425304824926533190, 1425304824926539245
1425304825426558023, 1425304825426562230
1425304825926582856, 1425304825926589040
1425304826426607690, 1425304826426612025
1425304826926632523, 1425304826926638835
1425304827426657357, 1425304827426661820
1425304827926682190, 1425304827926688630
1425304828426707023, 1425304828426711615
1425304828926731857, 1425304828926738425
1425304829426756690, 1425304829426761410
1425304829926781523, 1425304829926788220
1425304830426806357, 1425304830426811205
1425304830926831190, 1425304830926838015
1425304831426856024, 1425304831426861000
1425304831926880857, 1425304831926887810
1425304832426905690, 1425304832426910795
1425304832926930524, 1425304832926933780
1425304833426955399, 1425304833426960570
1425304833926980232, 1425304833926983555
1425304834427005066, 1425304834427010345
1425304834927029899, 1425304834927033330
1425304835427054732, 1425304835427060120
1425304835927079566, 1425304835927083105
1425304836427104399, 1425304836427109895
1425304836927129233, 1425304836927132880
1425304837427154066, 1425304837427159670
1425304837927178899, 1425304837927182655
1425304838427203733, 1425304838427209465
1425304838927228566, 1425304838927232450
1425304839427253441, 1425304839427259260
1425304839927278275, 1425304839927282245
1425304840427303108, 1425304840427309055
1425304840927327941, 1425304840927332040
1425304841427352775, 1425304841427358850
1425304841927377608, 1425304841927381835
1425304842427402442, 1425304842427408645
1425304842927427275, 1425304842927431630
1425304843427452108, 1425304843427458440
1425304843927476942, 1425304843927481425
1425304844427501775, 1425304844427508235
1425304844927526609, 1425304844927532940
1425304845427551484, 1425304845427558425
1425304845927576317, 1425304845927580080
1425304846427601109, 1425304846427605565
1425304846927625942, 1425304846927632004
1425304847427650817, 1425304847427655029
1425304847927675651, 1425304847927681839
1425304848427700484, 1425304848427704824
1425304848927725317, 1425304848927731634
1425304849427750151, 1425304849427754619
1425304849927774984, 1425304849927781429
1425304850427799818, 1425304850427804414
1425304850927824651, 1425304850927831224
1425304851427849484, 1425304851427854209
1425304851927874359, 1425304851927881019
1425304852427899193, 1425304852427904004
1425304852927924026, 1425304852927930814
1425304853427948860, 1425304853427953799
1425304853927973693, 1425304853927980609
1425304854427998526, 1425304854428003594
1425304854928023360, 1425304854928026579
1425304855428048193, 1425304855428053369
1425304855928073027, 1425304855928076354
1425304856428097860, 1425304856428103144
1425304856928122693, 1425304856928126129
1425304857428147527, 1425304857428152919
1425304857928172360, 1425304857928175904
1425304858428197194, 1425304858428202694
1425304858928222027, 1425304858928225679
1425304859428246860, 1425304859428252469
1425304859928271694, 1425304859928275454
1425304860428296527, 1425304860428302264
1425304860928321361, 1425304860928325249
1425304861428346194, 1425304861428352059
1425304861928371027, 1425304861928375044
1425304862428395861, 1425304862428401854
1425304862928420736, 1425304862928424839
1425304863428445569, 1425304863428451649
1425304863928470403, 1425304863928474634
1425304864428495236, 1425304864428501444
1425304864928520069, 1425304864928524429
1425304865428544903, 1425304865428551239
1425304865928569694, 1425304865928574224
1425304866428594528, 1425304866428601034
1425304866928619361, 1425304866928624019
1425304867428644195, 1425304867428650829
1425304867928669028, 1425304867928673814
1425304868428693861, 1425304868428700624
1425304868928718695, 1425304868928723609
1425304869428743528, 1425304869428750419
1425304869928768362, 1425304869928773404
1425304870428793195, 1425304870428800214
1425304870928818028, 1425304870928823199
1425304871428842862, 1425304871428846184
1425304871928867695, 1425304871928872974
1425304872428892529, 1425304872428895959
1425304872928917362, 1425304872928922749
1425304873428942237, 1425304873428945734
1425304873928967029, 1425304873928972524
1425304874428991904, 1425304874428995509
1425304874929016737, 1425304874929022299
1425304875429041571, 1425304875429045284
1425304875929066404, 1425304875929072074
1425304876429091237, 1425304876429095059
1425304876929116071, 1425304876929121834
1425304877429140904, 1425304877429147319
1425304877929165738, 1425304877929168974
1425304878429190571, 1425304878429194439
1425304878929215404, 1425304878929220398
1425304879429240238, 1425304879429247248
1425304879929265071, 1425304879929270233
1425304880429289904, 1425304880429293218
1425304880929314780, 1425304880929320008
1425304881429339613, 1425304881429342993
1425304881929364446, 1425304881929369783
1425304882429389280, 1425304882429392768
1425304882929414113, 1425304882929419558
1425304883429438947, 1425304883429442543
1425304883929463780, 1425304883929469333
1425304884429488613, 1425304884429492318
1425304884929513447, 1425304884929519108
1425304885429538280, 1425304885429542093
1425304885929563113, 1425304885929568903
1425304886429587989, 1425304886429591888
1425304886929612822, 1425304886929618698
1425304887429637655, 1425304887429641683
1425304887929662447, 1425304887929668493
1425304888429687280, 1425304888429691478
1425304888929712114, 1425304888929718288
1425304889429736947, 1425304889429741273
1425304889929761781, 1425304889929768083
1425304890429786614, 1425304890429791068
1425304890929811447, 1425304890929817878
1425304891429836281, 1425304891429840863
1425304891929861114, 1425304891929867673
1425304892429885948, 1425304892429890658
1425304892929910781, 1425304892929917468
1425304893429935614, 1425304893429940453
1425304893929960448, 1425304893929967263
1425304894429985281, 1425304894429990248
1425304894930010115, 1425304894930017058
1425304895430034948, 1425304895430040043
1425304895930059781, 1425304895930063028
1425304896430084615, 1425304896430089818
1425304896930109448, 1425304896930112803
1425304897430134282, 1425304897430139593
1425304897930159115, 1425304897930162578
1425304898430183948, 1425304898430189368
1425304898930208782, 1425304898930212353
1425304899430233615, 1425304899430239143
1425304899930258448, 1425304899930262128
1425304900430283282, 1425304900430288918
1425304900930308115, 1425304900930311903
1425304901430332949, 1425304901430338713
1425304901930357782, 1425304901930361698
1425304902430382615, 1425304902430388508
1425304902930407449, 1425304902930411493
1425304903430432282, 1425304903430438303
1425304903930457116, 1425304903930461288
1425304904430481949, 1425304904430488098
1425304904930506782, 1425304904930511083
1425304905430531616, 1425304905430537893
1425304905930556449, 1425304905930560878
1425304906430581283, 1425304906430587688
1425304906930606116, 1425304906930610673
1425304907430630949, 1425304907430637483
1425304907930655783, 1425304907930660468
1425304908430680616, 1425304908430687278
1425304908930705450, 1425304908930712303
1425304909430730325, 1425304909430733958
1425304909930755158, 1425304909930759443
1425304910430779991, 1425304910430784928
1425304910930804825, 1425304910930811368
1425304911430829658, 1425304911430834393
1425304911930854492, 1425304911930861203
1425304912430879325, 1425304912430884188
1425304912930904158, 1425304912930910998
1425304913430928992, 1425304913430933983
1425304913930953825, 1425304913930960793
1425304914430978659, 1425304914430983778
1425304914931003492, 1425304914931006763
1425304915431028325, 1425304915431033553
1425304915931053159, 1425304915931056538
1425304916431077992, 1425304916431083328
1425304916931102826, 1425304916931106313
1425304917431127659, 1425304917431133103
1425304917931152492, 1425304917931156088
1425304918431177326, 1425304918431182878
1425304918931202159, 1425304918931205863
1425304919431226992, 1425304919431232653
1425304919931251868, 1425304919931255638
1425304920431276701, 1425304920431282448
1425304920931301534, 1425304920931305433
1425304921431326368, 1425304921431332243
1425304921931351201, 1425304921931355228
1425304922431376035, 1425304922431382038
1425304922931400868, 1425304922931405023
1425304923431425701, 1425304923431431833
1425304923931450535, 1425304923931454818
1425304924431475368, 1425304924431481628
1425304924931500201, 1425304924931504613
1425304925431525035, 1425304925431531423
1425304925931549868, 1425304925931554408
1425304926431574702, 1425304926431581218
1425304926931599535, 1425304926931604203
1425304927431624368, 1425304927431631013
1425304927931649202, 1425304927931653998
1425304928431674035, 1425304928431680808
1425304928931698869, 1425304928931703793
1425304929431723702, 1425304929431730603
1425304929931748535, 1425304929931753588
1425304930431773369, 1425304930431780398
1425304930931798202, 1425304930931803383
1425304931431823036, 1425304931431826368
1425304931931847869, 1425304931931853158
1425304932431872702, 1425304932431876143
1425304932931897536, 1425304932931902933
1425304933431922369, 1425304933431925918
1425304933931947203, 1425304933931952708
1425304934431972036, 1425304934431975693
1425304934931996869, 1425304934932002483
1425304935432021703, 1425304935432025468
1425304935932046536, 1425304935932052278
1425304936432071370, 1425304936432075263
1425304936932096203, 1425304936932102073
1425304937432121036, 1425304937432125058
1425304937932145870, 1425304937932151868
1425304938432170703, 1425304938432174853
1425304938932195536, 1425304938932201663
1425304939432220370, 1425304939432224648
1425304939932245203, 1425304939932251458
1425304940432270037, 1425304940432274443
1425304940932294870, 1425304940932301538
