1425302248501813757, 1425302248501802592
1425302249001838507, 1425302249001843736
1425302249501863299, 1425302249501866761
1425302250001888091, 1425302250001893551
1425302250501912883, 1425302250501916536
1425302251001937674, 1425302251001943326
1425302251501962424, 1425302251501966311
1425302252001987216, 1425302252001993121
1425302252502012008, 1425302252502016106
1425302253002036800, 1425302253002040521
1425302253502061591, 1425302253502065986
1425302254002086341, 1425302254002091471
1425302254502111133, 1425302254502116956
1425302255002135925, 1425302255002142441
1425302255502160717, 1425302255502164096
1425302256002185508, 1425302256002189561
1425302256502210300, 1425302256502215046
1425302257002235050, 1425302257002240760
1425302257502259842, 1425302257502263785
1425302258002284634, 1425302258002290595
1425302258502309425, 1425302258502313580
1425302259002334217, 1425302259002340390
1425302259502358967, 1425302259502363375
1425302260002383759, 1425302260002390185
1425302260502408551, 1425302260502413170
1425302261002433342, 1425302261002438100
1425302261502458092, 1425302261502463585
1425302262002482884, 1425302262002489070
1425302262502507676, 1425302262502514555
1425302263002532467, 1425302263002536210
1425302263502557259, 1425302263502561695
1425302264002582051, 1425302264002587180
1425302264502606801, 1425302264502612665
1425302265002631593, 1425302265002637178
1425302265502656384, 1425302265502660203
1425302266002681176, 1425302266002686993
1425302266502705968, 1425302266502709978
1425302267002730760, 1425302267002736788
1425302267502755510, 1425302267502759773
1425302268002780301, 1425302268002786583
1425302268502805093, 1425302268502809568
1425302269002829885, 1425302269002835013
1425302269502854677, 1425302269502860498
1425302270002879468, 1425302270002885983
1425302270502904218, 1425302270502907638
1425302271002929010, 1425302271002933103
1425302271502953802, 1425302271502958588
1425302272002978594, 1425302272002984073
1425302272503003344, 1425302272503009558
1425302273003028135, 1425302273003033897
1425302273503052927, 1425302273503056922
1425302274003077719, 1425302274003083732
1425302274503102511, 1425302274503106717
1425302275003127261, 1425302275003133527
1425302275503152052, 1425302275503156512
1425302276003176844, 1425302276003183322
1425302276503201636, 1425302276503206307
1425302277003226427, 1425302277003232267
1425302277503251178, 1425302277503257752
1425302278003275969, 1425302278003279407
1425302278503300761, 1425302278503304872
1425302279003325553, 1425302279003330357
1425302279503350344, 1425302279503355842
1425302280003375094, 1425302280003381327
1425302280503399886, 1425302280503406812
1425302281003424678, 1425302281003430736
1425302281503449470, 1425302281503453761
1425302282003474261, 1425302282003480571
1425302282503499011, 1425302282503503556
1425302283003523803, 1425302283003530366
1425302283503548595, 1425302283503553351
1425302284003573387, 1425302284003580161
1425302284503598178, 1425302284503603146
1425302285003622970, 1425302285003629621
1425302285503647762, 1425302285503651276
1425302286003672512, 1425302286003676741
1425302286503697304, 1425302286503702226
1425302287003722095, 1425302287003727711
1425302287503746887, 1425302287503753196
1425302288003771679, 1425302288003778681
1425302288503796471, 1425302288503800336
1425302289003821262, 1425302289003824656
1425302289503846012, 1425302289503851486
1425302290003870804, 1425302290003874471
1425302290503895596, 1425302290503901261
1425302291003920387, 1425302291003924246
1425302291503945179, 1425302291503951036
1425302292003969971, 1425302292003974021
1425302292503994763, 1425302292504000831
1425302293004019554, 1425302293004023991
1425302293504044346, 1425302293504049476
1425302294004069138, 1425302294004074961
1425302294504093888, 1425302294504100446
1425302295004118680, 1425302295004122101
1425302295504143471, 1425302295504147566
1425302296004168263, 1425302296004173051
1425302296504193013, 1425302296504198536
1425302297004217805, 1425302297004223178
1425302297504242597, 1425302297504246203
1425302298004267388, 1425302298004272993
1425302298504292138, 1425302298504295978
1425302299004316930, 1425302299004322788
1425302299504341722, 1425302299504345773
1425302300004366514, 1425302300004372583
1425302300504391305, 1425302300504395568
1425302301004416055, 1425302301004423073
1425302301504440847, 1425302301504444728
1425302302004465639, 1425302302004470213
1425302302504490431, 1425302302504495698
1425302303004515222, 1425302303004521183
1425302303504540014, 1425302303504546668
1425302304004564764, 1425302304004568323
1425302304504589556, 1425302304504593788
1425302305004614347, 1425302305004620672
1425302305504639139, 1425302305504643697
1425302306004663931, 1425302306004670507
1425302306504688723, 1425302306504693492
1425302307004713514, 1425302307004720302
1425302307504738306, 1425302307504743287
1425302308004763098, 1425302308004770097
1425302308504787848, 1425302308504793082
1425302309004812640, 1425302309004817272
1425302309504837431, 1425302309504842757
1425302310004862223, 1425302310004868242
1425302310504887015, 1425302310504893727
1425302311004911807, 1425302311004915382
1425302311504936598, 1425302311504940847
1425302312004961348, 1425302312004966332
1425302312504986140, 1425302312504991817
1425302313005010932, 1425302313005016893
1425302313505035723, 1425302313505039918
1425302314005060515, 1425302314005066728
1425302314505085307, 1425302314505089713
1425302315005110099, 1425302315005116523
1425302315505134890, 1425302315505139508
1425302316005159682, 1425302316005166318
1425302316505184474, 1425302316505189303
1425302317005209266, 1425302317005214008
1425302317505234057, 1425302317505239493
1425302318005258849, 1425302318005264978
1425302318505283641, 1425302318505290463
1425302319005308432, 1425302319005312118
1425302319505333183, 1425302319505337583
1425302320005357974, 1425302320005363068
1425302320505382766, 1425302320505388553
1425302321005407558, 1425302321005413764
1425302321505432349, 1425302321505436789
1425302322005457141, 1425302322005463599
1425302322505481933, 1425302322505486584
1425302323005506683, 1425302323005513394
1425302323505531475, 1425302323505536379
1425302324005556266, 1425302324005563189
1425302324505581058, 1425302324505586174
1425302325005605850, 1425302325005611394
1425302325505630642, 1425302325505636879
1425302326005655433, 1425302326005662364
1425302326505680225, 1425302326505684019
1425302327005705017, 1425302327005709504
1425302327505729808, 1425302327505734989
1425302328005754600, 1425302328005760474
1425302328505779392, 1425302328505785959
1425302329005804184, 1425302329005809072
1425302329505828975, 1425302329505835922
1425302330005853767, 1425302330005858907
1425302330505878559, 1425302330505881892
1425302331005903351, 1425302331005908682
1425302331505928142, 1425302331505931667
1425302332005952934, 1425302332005958457
1425302332505977726, 1425302332505981442
1425302333006002517, 1425302333006007157
1425302333506027309, 1425302333506032642
1425302334006052101, 1425302334006058127
1425302334506076893, 1425302334506083612
1425302335006101684, 1425302335006105267
1425302335506126476, 1425302335506130732
1425302336006151226, 1425302336006156217
1425302336506176018, 1425302336506181702
1425302337006200810, 1425302337006207093
1425302337506225601, 1425302337506230118
1425302338006250393, 1425302338006256928
1425302338506275185, 1425302338506279913
1425302339006299977, 1425302339006306723
1425302339506324768, 1425302339506329708
1425302340006349560, 1425302340006356518
1425302340506374352, 1425302340506379503
1425302341006399143, 1425302341006405753
1425302341506423935, 1425302341506427408
1425302342006448727, 1425302342006452873
1425302342506473519, 1425302342506478358
1425302343006498269, 1425302343006503843
1425302343506523060, 1425302343506529328
1425302344006547852, 1425302344006554813
1425302344506572644, 1425302344506576468
1425302345006597436, 1425302345006601924
1425302345506622227, 1425302345506628774
1425302346006647019, 1425302346006651759
1425302346506671811, 1425302346506678569
1425302347006696602, 1425302347006701554
1425302347506721394, 1425302347506728364
1425302348006746186, 1425302348006751349
1425302348506770978, 1425302348506774334
1425302349006795769, 1425302349006801084
1425302349506820561, 1425302349506826569
1425302350006845353, 1425302350006852054
1425302350506870145, 1425302350506873709
1425302351006894936, 1425302351006899174
1425302351506919728, 1425302351506924659
1425302352006944520, 1425302352006950144
1425302352506969311, 1425302352506975629
1425302353006994103, 1425302353006999660
1425302353507018895, 1425302353507022685
1425302354007043687, 1425302354007049475
1425302354507068478, 1425302354507072460
1425302355007093270, 1425302355007099270
1425302355507118062, 1425302355507122255
1425302356007142854, 1425302356007149065
1425302356507167645, 1425302356507172050
1425302357007192437, 1425302357007199335
1425302357507217229, 1425302357507220990
1425302358007242020, 1425302358007246475
1425302358507266812, 1425302358507271960
1425302359007291604, 1425302359007297445
1425302359507316396, 1425302359507322930
1425302360007341229, 1425302360007344585
1425302360507366021, 1425302360507370050
1425302361007390812, 1425302361007395756
1425302361507415604, 1425302361507422606
1425302362007440396, 1425302362007445591
1425302362507465188, 1425302362507468576
1425302363007489979, 1425302363007495366
1425302363507514813, 1425302363507518351
1425302364007539605, 1425302364007545141
1425302364507564396, 1425302364507568126
1425302365007589188, 1425302365007595906
1425302365507613980, 1425302365507617561
1425302366007638771, 1425302366007643026
1425302366507663563, 1425302366507668511
1425302367007688355, 1425302367007693996
1425302367507713147, 1425302367507719481
1425302368007737938, 1425302368007744966
1425302368507762730, 1425302368507766621
1425302369007787522, 1425302369007791225
1425302369507812314, 1425302369507818055
1425302370007837105, 1425302370007841040
1425302370507861939, 1425302370507867850
1425302371007886730, 1425302371007890835
1425302371507911522, 1425302371507917645
1425302372007936314, 1425302372007940630
1425302372507961106, 1425302372507967440
1425302373007985897, 1425302373007991930
1425302373508010689, 1425302373508017415
1425302374008035522, 1425302374008039070
1425302374508060314, 1425302374508064535
1425302375008085106, 1425302375008090020
1425302375508109898, 1425302375508115505
1425302376008134731, 1425302376008140990
1425302376508159523, 1425302376508166475
1425302377008184314, 1425302377008187838
1425302377508209106, 1425302377508214668
1425302378008233898, 1425302378008237653
1425302378508258690, 1425302378508264443
1425302379008283523, 1425302379008287428
1425302379508308315, 1425302379508314238
1425302380008333106, 1425302380008337223
1425302380508357898, 1425302380508364033
1425302381008382690, 1425302381008389038
1425302381508407523, 1425302381508414523
1425302382008432315, 1425302382008436178
1425302382508457107, 1425302382508461663
1425302383008481898, 1425302383008487148
1425302383508506690, 1425302383508512633
1425302384008531524, 1425302384008538118
1425302384508556315, 1425302384508559773
1425302385008581107, 1425302385008585182
1425302385508605899, 1425302385508612032
1425302386008630732, 1425302386008635017
1425302386508655524, 1425302386508661827
1425302387008680316, 1425302387008684812
1425302387508705107, 1425302387508711622
1425302388008729941, 1425302388008734607
1425302388508754732, 1425302388508761417
1425302389008779524, 1425302389008783107
1425302389508804316, 1425302389508808572
1425302390008829108, 1425302390008834057
1425302390508853941, 1425302390508859542
1425302391008878733, 1425302391008885027
1425302391508903524, 1425302391508910512
1425302392008928316, 1425302392008932167
1425302392508953108, 1425302392508957652
1425302393008977941, 1425302393008984391
1425302393509002733, 1425302393509007416
1425302394009027525, 1425302394009034226
1425302394509052316, 1425302394509057211
1425302395009077150, 1425302395009084021
1425302395509101942, 1425302395509107006
1425302396009126733, 1425302396009133816
1425302396509151567, 1425302396509156801
1425302397009176358, 1425302397009182836
1425302397509201150, 1425302397509204491
1425302398009225984, 1425302398009229956
1425302398509250775, 1425302398509255441
1425302399009275567, 1425302399009280926
1425302399509300400, 1425302399509306411
1425302400009325192, 1425302400009331896
1425302400509349984, 1425302400509353551
1425302401009374817, 1425302401009380941
1425302401509399609, 1425302401509403966
1425302402009424442, 1425302402009430776
1425302402509449234, 1425302402509453761
1425302403009474026, 1425302403009480571
1425302403509498859, 1425302403509503556
1425302404009523651, 1425302404009530366
1425302404509548484, 1425302404509553351
1425302405009573276, 1425302405009579901
1425302405509598068, 1425302405509601556
1425302406009622901, 1425302406009627021
1425302406509647693, 1425302406509652506
1425302407009672526, 1425302407009677991
1425302407509697318, 1425302407509703476
1425302408009722151, 1425302408009728961
1425302408509746943, 1425302408509750616
1425302409009771777, 1425302409009776706
1425302409509796568, 1425302409509803556
1425302410009821360, 1425302410009826541
1425302410509846193, 1425302410509849526
1425302411009870985, 1425302411009876316
1425302411509895819, 1425302411509899301
1425302412009920610, 1425302412009926091
1425302412509945444, 1425302412509949076
1425302413009970235, 1425302413009976121
1425302413509995069, 1425302413510001606
1425302414010019860, 1425302414010023261
1425302414510044652, 1425302414510048726
1425302415010069486, 1425302415010074211
1425302415510094277, 1425302415510099696
1425302416010119069, 1425302416010125181
1425302416510143861, 1425302416510150666
1425302417010168694, 1425302417010173071
1425302417510193486, 1425302417510199921
1425302418010218278, 1425302418010222906
1425302418510243111, 1425302418510249716
1425302419010267903, 1425302419010272701
1425302419510292694, 1425302419510299511
1425302420010317528, 1425302420010322496
1425302420510342320, 1425302420510349306
1425302421010367111, 1425302421010373061
1425302421510391945, 1425302421510398546
1425302422010416736, 1425302422010420201
1425302422510441528, 1425302422510445666
1425302423010466320, 1425302423010471151
1425302423510491153, 1425302423510496636
1425302424010515945, 1425302424010522121
1425302424510540737, 1425302424510547606
1425302425010565570, 1425302425010570575
1425302425510590362, 1425302425510597425
1425302426010615154, 1425302426010620410
1425302426510639987, 1425302426510643395
1425302427010664779, 1425302427010670185
1425302427510689570, 1425302427510693170
1425302428010714362, 1425302428010719960
1425302428510739196, 1425302428510742945
1425302429010763987, 1425302429010771020
1425302429510788779, 1425302429510792675
1425302430010813571, 1425302430010818160
1425302430510838404, 1425302430510843645
1425302431010863196, 1425302431010869130
1425302431510887988, 1425302431510894615
1425302432010912821, 1425302432010916270
1425302432510937613, 1425302432510941735
1425302433010962404, 1425302433010967491
1425302433510987238, 1425302433510994341
1425302434011012030, 1425302434011017326
1425302434511036821, 1425302434511040311
1425302435011061655, 1425302435011067101
1425302435511086446, 1425302435511090086
1425302436011111238, 1425302436011116876
1425302436511136071, 1425302436511139861
1425302437011160863, 1425302437011164621
1425302437511185655, 1425302437511190106
1425302438011210447, 1425302438011215591
1425302438511235238, 1425302438511241076
1425302439011260072, 1425302439011266561
1425302439511284864, 1425302439511288216
1425302440011309655, 1425302440011313681
1425302440511334447, 1425302440511339166
1425302441011359280, 1425302441011365649
1425302441511384072, 1425302441511388674
1425302442011408864, 1425302442011415484
1425302442511433656, 1425302442511438469
1425302443011458489, 1425302443011465279
1425302443511483281, 1425302443511488264
1425302444011508072, 1425302444011515074
1425302444511532864, 1425302444511538059
1425302445011557698, 1425302445011563354
1425302445511582489, 1425302445511588839
1425302446011607281, 1425302446011614324
1425302446511632114, 1425302446511635979
1425302447011656906, 1425302447011661464
1425302447511681698, 1425302447511686949
1425302448011706531, 1425302448011712434
1425302448511731323, 1425302448511737919
1425302449011756115, 1425302449011762906
1425302449511780906, 1425302449511785931
1425302450011805740, 1425302450011812741
1425302450511830531, 1425302450511835726
1425302451011855323, 1425302451011858711
1425302451511880157, 1425302451511885501
1425302452011904948, 1425302452011908486
1425302452511929740, 1425302452511935276
1425302453011954573, 1425302453011961091
1425302453511979365, 1425302453511982746
1425302454012004157, 1425302454012008211
1425302454512028949, 1425302454512033696
1425302455012053782, 1425302455012059181
1425302455512078574, 1425302455512084666
1425302456012103407, 1425302456012110151
1425302456512128199, 1425302456512131806
1425302457012152991, 1425302457012158031
1425302457512177782, 1425302457512184881
1425302458012202616, 1425302458012207866
1425302458512227407, 1425302458512230851
1425302459012252241, 1425302459012257641
1425302459512277033, 1425302459512280626
1425302460012301824, 1425302460012307416
1425302460512326658, 1425302460512330401
1425302461012351449, 1425302461012356711
1425302461512376283, 1425302461512382196
1425302462012401075, 1425302462012407681
1425302462512425866, 1425302462512429336
1425302463012450700, 1425302463012454801
1425302463512475491, 1425302463512480286
1425302464012500283, 1425302464012505771
1425302464512525116, 1425302464512531256
1425302465012549908, 1425302465012554908
1425302465512574700, 1425302465512581758
1425302466012599533, 1425302466012604743
1425302466512624325, 1425302466512627728
1425302467012649117, 1425302467012654518
1425302467512673950, 1425302467512677503
1425302468012698742, 1425302468012704293
1425302468512723575, 1425302468512727278
1425302469012748367, 1425302469012754103
1425302469512773159, 1425302469512779588
1425302470012797992, 1425302470012805073
1425302470512822784, 1425302470512826728
1425302471012847576, 1425302471012852213
1425302471512872409, 1425302471512877698
1425302472012897201, 1425302472012903183
1425302472512921992, 1425302472512928668
1425302473012946826, 1425302473012951801
1425302473512971618, 1425302473512978651
1425302474012996451, 1425302474013001636
1425302474513021243, 1425302474513024621
1425302475013046076, 1425302475013051411
1425302475513070868, 1425302475513074396
1425302476013095660, 1425302476013101186
1425302476513120493, 1425302476513124171
1425302477013145285, 1425302477013151511
1425302477513170118, 1425302477513176996
1425302478013194910, 1425302478013198651
1425302478513219743, 1425302478513224116
1425302479013244535, 1425302479013249601
1425302479513269327, 1425302479513275086
1425302480013294160, 1425302480013300571
1425302480513318952, 1425302480513326056
1425302481013343785, 1425302481013350012
1425302481513368577, 1425302481513373037
1425302482013393410, 1425302482013399847
1425302482513418202, 1425302482513422832
1425302483013443035, 1425302483013449642
1425302483513467827, 1425302483513472627
1425302484013492660, 1425302484013499437
1425302484513517452, 1425302484513522422
1425302485013542286, 1425302485013546467
1425302485513567077, 1425302485513571952
1425302486013591869, 1425302486013597437
1425302486513616702, 1425302486513622922
1425302487013641494, 1425302487013648407
1425302487513666328, 1425302487513670062
1425302488013691119, 1425302488013695547
1425302488513715953, 1425302488513721032
1425302489013740744, 1425302489013744599
1425302489513765536, 1425302489513771449
1425302490013790370, 1425302490013794434
1425302490513815161, 1425302490513821244
1425302491013839995, 1425302491013844229
1425302491513864786, 1425302491513871039
1425302492013889578, 1425302492013894024
1425302492513914411, 1425302492513920834
1425302493013939203, 1425302493013945399
1425302493513964037, 1425302493513970884
1425302494013988828, 1425302494013992539
1425302494514013662, 1425302494514018004
1425302495014038453, 1425302495014043489
1425302495514063287, 1425302495514068974
1425302496014088079, 1425302496014094459
1425302496514112912, 1425302496514119944
1425302497014137704, 1425302497014142162
1425302497514162537, 1425302497514169012
1425302498014187329, 1425302498014191997
1425302498514212162, 1425302498514218807
1425302499014236954, 1425302499014241792
1425302499514261787, 1425302499514268602
1425302500014286579, 1425302500014291587
1425302500514311412, 1425302500514318397
1425302501014336204, 1425302501014339652
1425302501514361038, 1425302501514365117
1425302502014385829, 1425302502014390602
1425302502514410663, 1425302502514416087
1425302503014435454, 1425302503014441572
1425302503514460288, 1425302503514467057
1425302504014485080, 1425302504014488712
1425302504514509913, 1425302504514514177
1425302505014534705, 1425302505014538446
1425302505514559538, 1425302505514565276
1425302506014584371, 1425302506014588261
1425302506514609163, 1425302506514615071
1425302507014633997, 1425302507014638056
1425302507514658788, 1425302507514664866
1425302508014683622, 1425302508014687851
1425302508514708413, 1425302508514714661
1425302509014733247, 1425302509014740261
1425302509514758039, 1425302509514761916
1425302510014782872, 1425302510014787401
1425302510514807664, 1425302510514812886
1425302511014832497, 1425302511014838371
1425302511514857289, 1425302511514863856
1425302512014882122, 1425302512014885511
1425302512514906914, 1425302512514910976
1425302513014931706, 1425302513014936724
1425302513514956539, 1425302513514963574
1425302514014981331, 1425302514014986559
1425302514515006164, 1425302514515009544
1425302515015030956, 1425302515015036334
1425302515515055748, 1425302515515059319
1425302516015080581, 1425302516015086109
1425302516515105373, 1425302516515109094
1425302517015130206, 1425302517015135184
1425302517515154998, 1425302517515160669
1425302518015179790, 1425302518015186154
1425302518515204623, 1425302518515211639
1425302519015229415, 1425302519015233294
1425302519515254248, 1425302519515258779
1425302520015279040, 1425302520015284264
1425302520515303832, 1425302520515309749
1425302521015328665, 1425302521015335115
1425302521515353457, 1425302521515358140
1425302522015378290, 1425302522015384950
1425302522515403082, 1425302522515407935
1425302523015427915, 1425302523015434745
1425302523515452707, 1425302523515457730
1425302524015477540, 1425302524015484540
1425302524515502332, 1425302524515507525
1425302525015527165, 1425302525015534155
1425302525515551957, 1425302525515555810
1425302526015576749, 1425302526015581295
1425302526515601582, 1425302526515606780
1425302527015626416, 1425302527015632265
1425302527515651207, 1425302527515657750
1425302528015676041, 1425302528015679405
1425302528515700832, 1425302528515704870
1425302529015725624, 1425302529015731939
1425302529515750458, 1425302529515754964
1425302530015775249, 1425302530015781774
1425302530515800083, 1425302530515804759
1425302531015824874, 1425302531015831569
1425302531515849708, 1425302531515854554
1425302532015874541, 1425302532015881364
1425302532515899333, 1425302532515904349
1425302533015924166, 1425302533015927669
1425302533515948958, 1425302533515953134
1425302534015973791, 1425302534015978619
1425302534515998583, 1425302534516004104
1425302535016023417, 1425302535016029589
1425302535516048208, 1425302535516055074
1425302536016073042, 1425302536016076729
1425302536516097833, 1425302536516102194
1425302537016122625, 1425302537016127803
1425302537516147459, 1425302537516150828
1425302538016172250, 1425302538016177618
1425302538516197042, 1425302538516200603
1425302539016221875, 1425302539016227393
1425302539516246667, 1425302539516250378
1425302540016271500, 1425302540016277168
1425302540516296292, 1425302540516300153
1425302541016321126, 1425302541016327818
1425302541516345917, 1425302541516349473
1425302542016370751, 1425302542016374938
1425302542516395542, 1425302542516400423
1425302543016420376, 1425302543016425908
1425302543516445168, 1425302543516451393
1425302544016469959, 1425302544016476878
1425302544516494793, 1425302544516498533
1425302545016519584, 1425302545016523249
1425302545516544418, 1425302545516550079
1425302546016569210, 1425302546016573064
1425302546516594043, 1425302546516599874
1425302547016618835, 1425302547016622859
1425302547516643626, 1425302547516649669
1425302548016668460, 1425302548016672654
1425302548516693252, 1425302548516699464
1425302549016718085, 1425302549016723819
1425302549516742877, 1425302549516749304
1425302550016767710, 1425302550016774789
1425302550516792502, 1425302550516796444
1425302551016817293, 1425302551016821929
1425302551516842127, 1425302551516847414
1425302552016866919, 1425302552016872899
1425302552516891752, 1425302552516898384
1425302553016916544, 1425302553016921522
1425302553516941377, 1425302553516948372
1425302554016966169, 1425302554016971357
1425302554516991002, 1425302554516994342
1425302555017015794, 1425302555017021132
1425302555517040627, 1425302555517044117
1425302556017065419, 1425302556017070907
1425302556517090252, 1425302556517093892
1425302557017115044, 1425302557017118737
1425302557517139878, 1425302557517144202
1425302558017164669, 1425302558017169687
1425302558517189461, 1425302558517195172
1425302559017214294, 1425302559017220657
1425302559517239086, 1425302559517246142
1425302560017263920, 1425302560017267797
1425302560517288711, 1425302560517293282
1425302561017313545, 1425302561017318163
1425302561517338336, 1425302561517345013
1425302562017363170, 1425302562017367998
1425302562517387962, 1425302562517394808
1425302563017412753, 1425302563017417793
1425302563517437587, 1425302563517444603
1425302564017462378, 1425302564017467588
1425302564517487212, 1425302564517490573
1425302565017512003, 1425302565017515938
1425302565517536837, 1425302565517541423
1425302566017561629, 1425302566017566908
1425302566517586420, 1425302566517592393
1425302567017611254, 1425302567017617878
1425302567517636045, 1425302567517639533
1425302568017660879, 1425302568017664998
1425302568517685671, 1425302568517690483
1425302569017710504, 1425302569017715977
1425302569517735296, 1425302569517739002
1425302570017760129, 1425302570017765792
1425302570517784921, 1425302570517788777
1425302571017809754, 1425302571017815587
1425302571517834546, 1425302571517838572
1425302572017859379, 1425302572017865382
1425302572517884213, 1425302572517888367
1425302573017909004, 1425302573017914267
1425302573517933838, 1425302573517939752
1425302574017958630, 1425302574017965237
1425302574517983463, 1425302574517986892
1425302575018008296, 1425302575018012357
1425302575518033088, 1425302575518037842
1425302576018057921, 1425302576018063327
1425302576518082713, 1425302576518088812
1425302577018107547, 1425302577018112285
1425302577518132338, 1425302577518139135
1425302578018157172, 1425302578018162120
1425302578518181963, 1425302578518188930
1425302579018206797, 1425302579018211915
1425302579518231630, 1425302579518238725
1425302580018256422, 1425302580018261710
1425302580518281255, 1425302580518284695
1425302581018306089, 1425302581018311095
1425302581518330880, 1425302581518336580
1425302582018355714, 1425302582018362065
1425302582518380506, 1425302582518387550
1425302583018405339, 1425302583018409205
1425302583518430131, 1425302583518434690
1425302584018454964, 1425302584018460175
1425302584518479756, 1425302584518485660
1425302585018504548, 1425302585018509459
1425302585518529381, 1425302585518536309
1425302586018554173, 1425302586018559294
1425302586518579006, 1425302586518586104
1425302587018603798, 1425302587018609089
1425302587518628631, 1425302587518632074
1425302588018653423, 1425302588018658864
1425302588518678256, 1425302588518681849
1425302589018703048, 1425302589018708764
1425302589518727881, 1425302589518734249
1425302590018752673, 1425302590018759734
1425302590518777507, 1425302590518781389
1425302591018802340, 1425302591018806874
1425302591518827132, 1425302591518832359
1425302592018851965, 1425302592018857844
1425302592518876757, 1425302592518883329
1425302593018901590, 1425302593018907872
1425302593518926382, 1425302593518930897
1425302594018951215, 1425302594018957707
1425302594518976049, 1425302594518980692
1425302595019000882, 1425302595019007502
1425302595519025674, 1425302595519030487
1425302596019050507, 1425302596019057297
1425302596519075341, 1425302596519080282
1425302597019100132, 1425302597019103902
1425302597519124966, 1425302597519129387
1425302598019149799, 1425302598019154872
1425302598519174591, 1425302598519180357
1425302599019199424, 1425302599019205842
1425302599519224258, 1425302599519231327
1425302600019249091, 1425302600019252982
1425302600519273883, 1425302600519278467
1425302601019298716, 1425302601019304999
1425302601519323549, 1425302601519328024
1425302602019348383, 1425302602019354834
1425302602519373175, 1425302602519377819
1425302603019398008, 1425302603019404629
1425302603519422841, 1425302603519427614
1425302604019447633, 1425302604019454424
1425302604519472467, 1425302604519477409
1425302605019497300, 1425302605019501549
1425302605519522092, 1425302605519527034
1425302606019546925, 1425302606019552519
1425302606519571758, 1425302606519578004
1425302607019596550, 1425302607019603489
1425302607519621384, 1425302607519625144
1425302608019646217, 1425302608019650629
1425302608519671050, 1425302608519676114
1425302609019695842, 1425302609019702550
1425302609519720675, 1425302609519725575
1425302610019745509, 1425302610019752385
1425302610519770342, 1425302610519775370
1425302611019795134, 1425302611019802180
1425302611519819967, 1425302611519825165
1425302612019844801, 1425302612019848150
1425302612519869592, 1425302612519874940
1425302613019894426, 1425302613019899595
1425302613519919259, 1425302613519925080
1425302614019944093, 1425302614019950565
1425302614519968926, 1425302614519972220
1425302615019993718, 1425302615019997685
1425302615520018551, 1425302615520023170
1425302616020043385, 1425302616020048655
1425302616520068218, 1425302616520074140
1425302617020093051, 1425302617020096455
1425302617520117843, 1425302617520123285
1425302618020142676, 1425302618020146270
1425302618520167510, 1425302618520173060
1425302619020192343, 1425302619020196045
1425302619520217177, 1425302619520222835
1425302620020242010, 1425302620020245820
1425302620520266802, 1425302620520272610
1425302621020291635, 1425302621020297780
1425302621520316469, 1425302621520323265
1425302622020341302, 1425302622020344920
1425302622520366135, 1425302622520370385
1425302623020390969, 1425302623020395870
1425302623520415802, 1425302623520421355
1425302624020440636, 1425302624020446840
1425302624520465469, 1425302624520472325
1425302625020490302, 1425302625020495427
1425302625520515136, 1425302625520518452
1425302626020539969, 1425302626020545242
1425302626520564761, 1425302626520568227
1425302627020589594, 1425302627020595017
1425302627520614428, 1425302627520618002
1425302628020639261, 1425302628020644792
1425302628520664094, 1425302628520667777
1425302629020688928, 1425302629020693442
1425302629520713761, 1425302629520718927
1425302630020738595, 1425302630020744412
1425302630520763428, 1425302630520769897
1425302631020788220, 1425302631020791552
1425302631520813053, 1425302631520817017
1425302632020837886, 1425302632020842502
1425302632520862720, 1425302632520867987
1425302633020887512, 1425302633020891550
1425302633520912345, 1425302633520918400
1425302634020937178, 1425302634020941385
1425302634520962012, 1425302634520968195
1425302635020986803, 1425302635020991180
1425302635521011637, 1425302635521017990
1425302636021036470, 1425302636021040975
1425302636521061304, 1425302636521067785
1425302637021086095, 1425302637021090160
1425302637521110929, 1425302637521115645
1425302638021135762, 1425302638021141130
1425302638521160596, 1425302638521166615
1425302639021185429, 1425302639021192100
1425302639521210221, 1425302639521213755
1425302640021235054, 1425302640021239220
1425302640521259887, 1425302640521264705
1425302641021284721, 1425302641021289661
1425302641521309554, 1425302641521316511
1425302642021334346, 1425302642021339496
1425302642521359179, 1425302642521366306
1425302643021384013, 1425302643021389291
1425302643521408846, 1425302643521412276
1425302644021433680, 1425302644021439066
1425302644521458471, 1425302644521462051
1425302645021483305, 1425302645021488746
1425302645521508138, 1425302645521514231
1425302646021532971, 1425302646021539716
1425302646521557805, 1425302646521561371
1425302647021582638, 1425302647021586836
1425302647521607472, 1425302647521612321
1425302648021632263, 1425302648021637806
1425302648521657097, 1425302648521663291
1425302649021681930, 1425302649021688987
1425302649521706764, 1425302649521712012
1425302650021731597, 1425302650021734997
1425302650521756430, 1425302650521761787
1425302651021781264, 1425302651021784772
1425302651521806055, 1425302651521811562
1425302652021830889, 1425302652021834547
1425302652521855722, 1425302652521861337
1425302653021880556, 1425302653021884747
1425302653521905347, 1425302653521910232
1425302654021930181, 1425302654021935717
1425302654521955014, 1425302654521961202
1425302655021979806, 1425302655021986687
1425302655522004639, 1425302655522008342
1425302656022029473, 1425302656022033807
1425302656522054306, 1425302656522059292
1425302657022079098, 1425302657022082713
1425302657522103931, 1425302657522109543
1425302658022128723, 1425302658022132528
1425302658522153556, 1425302658522159318
1425302659022178390, 1425302659022182303
1425302659522203223, 1425302659522209113
1425302660022228015, 1425302660022232098
1425302660522252848, 1425302660522258908
1425302661022277682, 1425302661022282833
1425302661522302473, 1425302661522308318
1425302662022327307, 1425302662022333803
1425302662522352140, 1425302662522355458
1425302663022376932, 1425302663022380923
1425302663522401765, 1425302663522406408
1425302664022426599, 1425302664022431893
1425302664522451390, 1425302664522457378
1425302665022476224, 1425302665022479709
1425302665522501057, 1425302665522506539
1425302666022525849, 1425302666022529524
1425302666522550682, 1425302666522556314
1425302667022575516, 1425302667022579299
1425302667522600307, 1425302667522606089
1425302668022625141, 1425302668022629074
1425302668522649974, 1425302668522655884
1425302669022674766, 1425302669022680324
1425302669522699599, 1425302669522705809
1425302670022724433, 1425302670022731294
1425302670522749224, 1425302670522752949
1425302671022774058, 1425302671022778414
1425302671522798891, 1425302671522803899
1425302672022823725, 1425302672022829384
1425302672522848516, 1425302672522854869
1425302673022873350, 1425302673022880263
1425302673522898183, 1425302673522903288
1425302674022922975, 1425302674022930098
1425302674522947808, 1425302674522953083
1425302675022972642, 1425302675022976068
1425302675522997475, 1425302675523002858
1425302676023022308, 1425302676023025843
1425302676523047100, 1425302676523052633
1425302677023071933, 1425302677023077588
1425302677523096767, 1425302677523103073
1425302678023121600, 1425302678023128558
1425302678523146392, 1425302678523150213
1425302679023171225, 1425302679023175698
1425302679523196059, 1425302679523201183
1425302680023220851, 1425302680023226668
1425302680523245684, 1425302680523252153
1425302681023270517, 1425302681023275397
1425302681523295309, 1425302681523302247
1425302682023320142, 1425302682023325232
1425302682523344934, 1425302682523352042
1425302683023369768, 1425302683023375027
1425302683523394601, 1425302683523398012
1425302684023419434, 1425302684023424802
1425302684523444226, 1425302684523447787
1425302685023469059, 1425302685023473237
1425302685523493893, 1425302685523498722
1425302686023518685, 1425302686023524207
1425302686523543518, 1425302686523549692
1425302687023568351, 1425302687023575177
1425302687523593185, 1425302687523596832
1425302688023617976, 1425302688023622297
1425302688523642810, 1425302688523647782
1425302689023667643, 1425302689023673513
1425302689523692435, 1425302689523696538
1425302690023717268, 1425302690023723348
1425302690523742102, 1425302690523746333
1425302691023766893, 1425302691023773143
1425302691523791727, 1425302691523796128
1425302692023816560, 1425302692023822938
1425302692523841394, 1425302692523845923
1425302693023866185, 1425302693023871908
1425302693523891019, 1425302693523897393
1425302694023915852, 1425302694023922878
1425302694523940686, 1425302694523944533
1425302695023965477, 1425302695023970018
1425302695523990311, 1425302695523995503
1425302696024015144, 1425302696024020988
1425302696524039936, 1425302696524046473
1425302697024064769, 1425302697024071562
1425302697524089603, 1425302697524094587
1425302698024114436, 1425302698024121397
1425302698524139269, 1425302698524144382
1425302699024164061, 1425302699024167367
1425302699524188895, 1425302699524194157
1425302700024213728, 1425302700024217142
1425302700524238561, 1425302700524243932
1425302701024263353, 1425302701024270437
1425302701524288186, 1425302701524292092
1425302702024313020, 1425302702024317577
1425302702524337812, 1425302702524343062
1425302703024362645, 1425302703024368547
1425302703524387478, 1425302703524394032
1425302704024412270, 1425302704024415687
1425302704524437103, 1425302704524441152
1425302705024461937, 1425302705024467998
1425302705524486729, 1425302705524491023
1425302706024511562, 1425302706024517833
1425302706524536354, 1425302706524540818
1425302707024561187, 1425302707024567628
1425302707524586020, 1425302707524590613
1425302708024610854, 1425302708024617423
1425302708524635646, 1425302708524640408
1425302709024660479, 1425302709024667433
1425302709524685312, 1425302709524689088
1425302710024710104, 1425302710024714573
1425302710524734937, 1425302710524740058
1425302711024759771, 1425302711024765543
1425302711524784604, 1425302711524791028
1425302712024809438, 1425302712024816513
1425302712524834229, 1425302712524838168
1425302713024859063, 1425302713024865198
1425302713524883896, 1425302713524888223
1425302714024908688, 1425302714024915033
1425302714524933521, 1425302714524938018
1425302715024958355, 1425302715024964828
1425302715524983146, 1425302715524987813
1425302716025007980, 1425302716025014623
1425302716525032813, 1425302716525037608
1425302717025057647, 1425302717025061318
1425302717525082480, 1425302717525086783
1425302718025107272, 1425302718025112268
1425302718525132105, 1425302718525137753
1425302719025156939, 1425302719025163238
1425302719525181772, 1425302719525188723
1425302720025206564, 1425302720025210378
1425302720525231397, 1425302720525235863
1425302721025256230, 1425302721025263029
1425302721525281064, 1425302721525286054
1425302722025305856, 1425302722025312864
1425302722525330689, 1425302722525335849
1425302723025355522, 1425302723025358834
1425302723525380356, 1425302723525385624
1425302724025405189, 1425302724025408609
1425302724525430022, 1425302724525435399
1425302725025454856, 1425302725025459624
1425302725525479648, 1425302725525485109
1425302726025504481, 1425302726025510594
1425302726525529314, 1425302726525536079
1425302727025554106, 1425302727025557734
1425302727525578940, 1425302727525583199
1425302728025603773, 1425302728025608684
1425302728525628565, 1425302728525634169
1425302729025653398, 1425302729025658713
1425302729525678231, 1425302729525681738
1425302730025703065, 1425302730025708528
1425302730525727898, 1425302730525731513
1425302731025752732, 1425302731025758303
1425302731525777523, 1425302731525781288
1425302732025802357, 1425302732025808078
1425302732525827190, 1425302732525831063
1425302733025851982, 1425302733025855803
1425302733525876815, 1425302733525881288
1425302734025901649, 1425302734025906773
1425302734525926482, 1425302734525932258
1425302735025951274, 1425302735025957743
1425302735525976107, 1425302735525983228
1425302736026000941, 1425302736026004883
1425302736526025774, 1425302736526030368
1425302737026050566, 1425302737026054531
1425302737526075399, 1425302737526081381
1425302738026100232, 1425302738026104366
1425302738526125024, 1425302738526131176
1425302739026149858, 1425302739026154161
1425302739526174691, 1425302739526180971
1425302740026199524, 1425302740026203956
1425302740526224316, 1425302740526230766
1425302741026249149, 1425302741026256026
1425302741526273983, 1425302741526277681
1425302742026298775, 1425302742026303146
1425302742526323608, 1425302742526328631
1425302743026348441, 1425302743026354116
1425302743526373275, 1425302743526379601
1425302744026398066, 1425302744026405086
1425302744526422900, 1425302744526426741
1425302745026447733, 1425302745026454227
1425302745526472525, 1425302745526477252
1425302746026497358, 1425302746026504062
1425302746526522192, 1425302746526527047
1425302747026547025, 1425302747026553857
1425302747526571817, 1425302747526576842
1425302748026596650, 1425302748026603652
1425302748526621484, 1425302748526626637
1425302749026646275, 1425302749026652412
1425302749526671109, 1425302749526677897
1425302750026695942, 1425302750026699552
1425302750526720734, 1425302750526725017
1425302751026745567, 1425302751026750502
1425302751526770401, 1425302751526775987
1425302752026795192, 1425302752026801472
1425302752526820026, 1425302752526826957
